

Microchip MPLAB XC8 Assembler V2.40 build 20220703182018 
                                                                                               Thu Mar 09 01:25:29 2023

Microchip MPLAB XC8 C Compiler v2.40 (Free license) build 20220703182018 Og1 
     1                           	processor	16F887
     2                           	pagewidth 120
     3                           	opt	flic
     4                           	psect	cinit,global,class=CODE,merge=1,delta=2
     5                           	psect	bssCOMMON,global,class=COMMON,space=1,delta=1,noexec
     6                           	psect	cstackCOMMON,global,class=COMMON,space=1,delta=1,noexec
     7                           	psect	maintext,global,class=CODE,split=1,delta=2
     8                           	psect	text1,local,class=CODE,merge=1,delta=2
     9                           	psect	text2,local,class=CODE,merge=1,delta=2
    10                           	psect	text3,local,class=CODE,merge=1,delta=2
    11                           	psect	text4,local,class=CODE,merge=1,delta=2
    12                           	psect	intentry,global,class=CODE,delta=2
    13                           	psect	idloc,global,abs,ovrld,class=IDLOC,space=5,delta=2,noexec
    14                           	psect	config,global,abs,ovrld,class=CONFIG,space=4,delta=2,noexec
    15                           	dabs	1,0x7E,2
    16     0000                     
    17                           ; Version 2.40
    18                           ; Generated 17/11/2021 GMT
    19                           ; 
    20                           ; Copyright © 2021, Microchip Technology Inc. and its subsidiaries ("Microchip")
    21                           ; All rights reserved.
    22                           ; 
    23                           ; This software is developed by Microchip Technology Inc. and its subsidiaries ("Microch
      +                          ip").
    24                           ; 
    25                           ; Redistribution and use in source and binary forms, with or without modification, are
    26                           ; permitted provided that the following conditions are met:
    27                           ; 
    28                           ;     1. Redistributions of source code must retain the above copyright notice, this lis
      +                          t of
    29                           ;        conditions and the following disclaimer.
    30                           ; 
    31                           ;     2. Redistributions in binary form must reproduce the above copyright notice, this 
      +                          list
    32                           ;        of conditions and the following disclaimer in the documentation and/or other
    33                           ;        materials provided with the distribution. Publication is not required when
    34                           ;        this file is used in an embedded application.
    35                           ; 
    36                           ;     3. Microchip's name may not be used to endorse or promote products derived from th
      +                          is
    37                           ;        software without specific prior written permission.
    38                           ; 
    39                           ; THIS SOFTWARE IS PROVIDED BY MICROCHIP "AS IS" AND ANY EXPRESS OR IMPLIED WARRANTIES,
    40                           ; INCLUDING, BUT NOT LIMITED TO, THE IMPLIED WARRANTIES OF MERCHANTABILITY AND FITNESS F
      +                          OR
    41                           ; PURPOSE ARE DISCLAIMED.  IN NO EVENT SHALL MICROCHIP BE LIABLE FOR ANY DIRECT, INDIREC
      +                          T,
    42                           ; INCIDENTAL, SPECIAL, EXEMPLARY, OR CONSEQUENTIAL DAMAGES (INCLUDING BUT NOT LIMITED TO
    43                           ; PROCUREMENT OF SUBSTITUTE GOODS OR SERVICES; LOSS OF USE, DATA OR PROFITS; OR BUSINESS
    44                           ; INTERRUPTION) HOWSOEVER CAUSED AND ON ANY THEORY OF LIABILITY, WHETHER IN CONTRACT, ST
      +                          RICT
    45                           ; LIABILITY, OR TORT (INCLUDING NEGLIGENCE OR OTHERWISE) ARISING IN ANY WAY OUT OF THE U
      +                          SE OF
    46                           ; THIS SOFTWARE, EVEN IF ADVISED OF THE POSSIBILITY OF SUCH DAMAGE.
    47                           ; 
    48                           ; 
    49                           ; Code-generator required, PIC16F887 Definitions
    50                           ; 
    51                           ; SFR Addresses
    52     0000                     	;# 
    53     0001                     	;# 
    54     0002                     	;# 
    55     0003                     	;# 
    56     0004                     	;# 
    57     0005                     	;# 
    58     0006                     	;# 
    59     0007                     	;# 
    60     0008                     	;# 
    61     0009                     	;# 
    62     000A                     	;# 
    63     000B                     	;# 
    64     000C                     	;# 
    65     000D                     	;# 
    66     000E                     	;# 
    67     000E                     	;# 
    68     000F                     	;# 
    69     0010                     	;# 
    70     0011                     	;# 
    71     0012                     	;# 
    72     0013                     	;# 
    73     0014                     	;# 
    74     0015                     	;# 
    75     0015                     	;# 
    76     0016                     	;# 
    77     0017                     	;# 
    78     0018                     	;# 
    79     0019                     	;# 
    80     001A                     	;# 
    81     001B                     	;# 
    82     001B                     	;# 
    83     001C                     	;# 
    84     001D                     	;# 
    85     001E                     	;# 
    86     001F                     	;# 
    87     0081                     	;# 
    88     0085                     	;# 
    89     0086                     	;# 
    90     0087                     	;# 
    91     0088                     	;# 
    92     0089                     	;# 
    93     008C                     	;# 
    94     008D                     	;# 
    95     008E                     	;# 
    96     008F                     	;# 
    97     0090                     	;# 
    98     0091                     	;# 
    99     0092                     	;# 
   100     0093                     	;# 
   101     0093                     	;# 
   102     0093                     	;# 
   103     0094                     	;# 
   104     0095                     	;# 
   105     0096                     	;# 
   106     0097                     	;# 
   107     0098                     	;# 
   108     0099                     	;# 
   109     009A                     	;# 
   110     009B                     	;# 
   111     009C                     	;# 
   112     009D                     	;# 
   113     009E                     	;# 
   114     009F                     	;# 
   115     0105                     	;# 
   116     0107                     	;# 
   117     0108                     	;# 
   118     0109                     	;# 
   119     010C                     	;# 
   120     010C                     	;# 
   121     010D                     	;# 
   122     010E                     	;# 
   123     010F                     	;# 
   124     0185                     	;# 
   125     0187                     	;# 
   126     0188                     	;# 
   127     0189                     	;# 
   128     018C                     	;# 
   129     018D                     	;# 
   130     0000                     	;# 
   131     0001                     	;# 
   132     0002                     	;# 
   133     0003                     	;# 
   134     0004                     	;# 
   135     0005                     	;# 
   136     0006                     	;# 
   137     0007                     	;# 
   138     0008                     	;# 
   139     0009                     	;# 
   140     000A                     	;# 
   141     000B                     	;# 
   142     000C                     	;# 
   143     000D                     	;# 
   144     000E                     	;# 
   145     000E                     	;# 
   146     000F                     	;# 
   147     0010                     	;# 
   148     0011                     	;# 
   149     0012                     	;# 
   150     0013                     	;# 
   151     0014                     	;# 
   152     0015                     	;# 
   153     0015                     	;# 
   154     0016                     	;# 
   155     0017                     	;# 
   156     0018                     	;# 
   157     0019                     	;# 
   158     001A                     	;# 
   159     001B                     	;# 
   160     001B                     	;# 
   161     001C                     	;# 
   162     001D                     	;# 
   163     001E                     	;# 
   164     001F                     	;# 
   165     0081                     	;# 
   166     0085                     	;# 
   167     0086                     	;# 
   168     0087                     	;# 
   169     0088                     	;# 
   170     0089                     	;# 
   171     008C                     	;# 
   172     008D                     	;# 
   173     008E                     	;# 
   174     008F                     	;# 
   175     0090                     	;# 
   176     0091                     	;# 
   177     0092                     	;# 
   178     0093                     	;# 
   179     0093                     	;# 
   180     0093                     	;# 
   181     0094                     	;# 
   182     0095                     	;# 
   183     0096                     	;# 
   184     0097                     	;# 
   185     0098                     	;# 
   186     0099                     	;# 
   187     009A                     	;# 
   188     009B                     	;# 
   189     009C                     	;# 
   190     009D                     	;# 
   191     009E                     	;# 
   192     009F                     	;# 
   193     0105                     	;# 
   194     0107                     	;# 
   195     0108                     	;# 
   196     0109                     	;# 
   197     010C                     	;# 
   198     010C                     	;# 
   199     010D                     	;# 
   200     010E                     	;# 
   201     010F                     	;# 
   202     0185                     	;# 
   203     0187                     	;# 
   204     0188                     	;# 
   205     0189                     	;# 
   206     018C                     	;# 
   207     018D                     	;# 
   208     0000                     	;# 
   209     0001                     	;# 
   210     0002                     	;# 
   211     0003                     	;# 
   212     0004                     	;# 
   213     0005                     	;# 
   214     0006                     	;# 
   215     0007                     	;# 
   216     0008                     	;# 
   217     0009                     	;# 
   218     000A                     	;# 
   219     000B                     	;# 
   220     000C                     	;# 
   221     000D                     	;# 
   222     000E                     	;# 
   223     000E                     	;# 
   224     000F                     	;# 
   225     0010                     	;# 
   226     0011                     	;# 
   227     0012                     	;# 
   228     0013                     	;# 
   229     0014                     	;# 
   230     0015                     	;# 
   231     0015                     	;# 
   232     0016                     	;# 
   233     0017                     	;# 
   234     0018                     	;# 
   235     0019                     	;# 
   236     001A                     	;# 
   237     001B                     	;# 
   238     001B                     	;# 
   239     001C                     	;# 
   240     001D                     	;# 
   241     001E                     	;# 
   242     001F                     	;# 
   243     0081                     	;# 
   244     0085                     	;# 
   245     0086                     	;# 
   246     0087                     	;# 
   247     0088                     	;# 
   248     0089                     	;# 
   249     008C                     	;# 
   250     008D                     	;# 
   251     008E                     	;# 
   252     008F                     	;# 
   253     0090                     	;# 
   254     0091                     	;# 
   255     0092                     	;# 
   256     0093                     	;# 
   257     0093                     	;# 
   258     0093                     	;# 
   259     0094                     	;# 
   260     0095                     	;# 
   261     0096                     	;# 
   262     0097                     	;# 
   263     0098                     	;# 
   264     0099                     	;# 
   265     009A                     	;# 
   266     009B                     	;# 
   267     009C                     	;# 
   268     009D                     	;# 
   269     009E                     	;# 
   270     009F                     	;# 
   271     0105                     	;# 
   272     0107                     	;# 
   273     0108                     	;# 
   274     0109                     	;# 
   275     010C                     	;# 
   276     010C                     	;# 
   277     010D                     	;# 
   278     010E                     	;# 
   279     010F                     	;# 
   280     0185                     	;# 
   281     0187                     	;# 
   282     0188                     	;# 
   283     0189                     	;# 
   284     018C                     	;# 
   285     018D                     	;# 
   286     0000                     	;# 
   287     0001                     	;# 
   288     0002                     	;# 
   289     0003                     	;# 
   290     0004                     	;# 
   291     0005                     	;# 
   292     0006                     	;# 
   293     0007                     	;# 
   294     0008                     	;# 
   295     0009                     	;# 
   296     000A                     	;# 
   297     000B                     	;# 
   298     000C                     	;# 
   299     000D                     	;# 
   300     000E                     	;# 
   301     000E                     	;# 
   302     000F                     	;# 
   303     0010                     	;# 
   304     0011                     	;# 
   305     0012                     	;# 
   306     0013                     	;# 
   307     0014                     	;# 
   308     0015                     	;# 
   309     0015                     	;# 
   310     0016                     	;# 
   311     0017                     	;# 
   312     0018                     	;# 
   313     0019                     	;# 
   314     001A                     	;# 
   315     001B                     	;# 
   316     001B                     	;# 
   317     001C                     	;# 
   318     001D                     	;# 
   319     001E                     	;# 
   320     001F                     	;# 
   321     0081                     	;# 
   322     0085                     	;# 
   323     0086                     	;# 
   324     0087                     	;# 
   325     0088                     	;# 
   326     0089                     	;# 
   327     008C                     	;# 
   328     008D                     	;# 
   329     008E                     	;# 
   330     008F                     	;# 
   331     0090                     	;# 
   332     0091                     	;# 
   333     0092                     	;# 
   334     0093                     	;# 
   335     0093                     	;# 
   336     0093                     	;# 
   337     0094                     	;# 
   338     0095                     	;# 
   339     0096                     	;# 
   340     0097                     	;# 
   341     0098                     	;# 
   342     0099                     	;# 
   343     009A                     	;# 
   344     009B                     	;# 
   345     009C                     	;# 
   346     009D                     	;# 
   347     009E                     	;# 
   348     009F                     	;# 
   349     0105                     	;# 
   350     0107                     	;# 
   351     0108                     	;# 
   352     0109                     	;# 
   353     010C                     	;# 
   354     010C                     	;# 
   355     010D                     	;# 
   356     010E                     	;# 
   357     010F                     	;# 
   358     0185                     	;# 
   359     0187                     	;# 
   360     0188                     	;# 
   361     0189                     	;# 
   362     018C                     	;# 
   363     018D                     	;# 
   364     0000                     	;# 
   365     0001                     	;# 
   366     0002                     	;# 
   367     0003                     	;# 
   368     0004                     	;# 
   369     0005                     	;# 
   370     0006                     	;# 
   371     0007                     	;# 
   372     0008                     	;# 
   373     0009                     	;# 
   374     000A                     	;# 
   375     000B                     	;# 
   376     000C                     	;# 
   377     000D                     	;# 
   378     000E                     	;# 
   379     000E                     	;# 
   380     000F                     	;# 
   381     0010                     	;# 
   382     0011                     	;# 
   383     0012                     	;# 
   384     0013                     	;# 
   385     0014                     	;# 
   386     0015                     	;# 
   387     0015                     	;# 
   388     0016                     	;# 
   389     0017                     	;# 
   390     0018                     	;# 
   391     0019                     	;# 
   392     001A                     	;# 
   393     001B                     	;# 
   394     001B                     	;# 
   395     001C                     	;# 
   396     001D                     	;# 
   397     001E                     	;# 
   398     001F                     	;# 
   399     0081                     	;# 
   400     0085                     	;# 
   401     0086                     	;# 
   402     0087                     	;# 
   403     0088                     	;# 
   404     0089                     	;# 
   405     008C                     	;# 
   406     008D                     	;# 
   407     008E                     	;# 
   408     008F                     	;# 
   409     0090                     	;# 
   410     0091                     	;# 
   411     0092                     	;# 
   412     0093                     	;# 
   413     0093                     	;# 
   414     0093                     	;# 
   415     0094                     	;# 
   416     0095                     	;# 
   417     0096                     	;# 
   418     0097                     	;# 
   419     0098                     	;# 
   420     0099                     	;# 
   421     009A                     	;# 
   422     009B                     	;# 
   423     009C                     	;# 
   424     009D                     	;# 
   425     009E                     	;# 
   426     009F                     	;# 
   427     0105                     	;# 
   428     0107                     	;# 
   429     0108                     	;# 
   430     0109                     	;# 
   431     010C                     	;# 
   432     010C                     	;# 
   433     010D                     	;# 
   434     010E                     	;# 
   435     010F                     	;# 
   436     0185                     	;# 
   437     0187                     	;# 
   438     0188                     	;# 
   439     0189                     	;# 
   440     018C                     	;# 
   441     018D                     	;# 
   442     001E                     _ADRESH	set	30
   443     001F                     _ADCON0bits	set	31
   444     0005                     _PORTAbits	set	5
   445     0014                     _SSPCON	set	20
   446     000B                     _INTCONbits	set	11
   447     0008                     _PORTD	set	8
   448     0007                     _PORTC	set	7
   449     0006                     _PORTB	set	6
   450     0013                     _SSPBUF	set	19
   451     0014                     _SSPCONbits	set	20
   452     000C                     _PIR1bits	set	12
   453     0066                     _ADIF	set	102
   454     0063                     _SSPIF	set	99
   455     005E                     _PEIE	set	94
   456     005F                     _GIE	set	95
   457     009F                     _ADCON1bits	set	159
   458     0085                     _TRISAbits	set	133
   459     008F                     _OSCCONbits	set	143
   460     0091                     _SSPCON2bits	set	145
   461     0087                     _TRISCbits	set	135
   462     0094                     _SSPSTAT	set	148
   463     0093                     _SSPADD	set	147
   464     0091                     _SSPCON2	set	145
   465     0088                     _TRISD	set	136
   466     0086                     _TRISB	set	134
   467     0094                     _SSPSTATbits	set	148
   468     0463                     _SSPIE	set	1123
   469     043C                     _TRISC4	set	1084
   470     043B                     _TRISC3	set	1083
   471     04A0                     _BF	set	1184
   472     0188                     _ANSELbits	set	392
   473     0189                     _ANSELH	set	393
   474     0188                     _ANSEL	set	392
   475                           
   476                           	psect	cinit
   477     000F                     start_initialization:	
   478                           ; #config settings
   479                           
   480     000F                     __initialization:
   481                           
   482                           ; Clear objects allocated to COMMON
   483     000F  01F4               	clrf	__pbssCOMMON& (0+127)
   484     0010  01F5               	clrf	(__pbssCOMMON+1)& (0+127)
   485     0011                     end_of_initialization:	
   486                           ;End of C runtime variable initialization code
   487                           
   488     0011                     __end_of__initialization:
   489     0011  0183               	clrf	3
   490     0012  120A  118A  2902   	ljmp	_main	;jump to C main() function
   491                           
   492                           	psect	bssCOMMON
   493     0074                     __pbssCOMMON:
   494     0074                     _z:
   495     0074                     	ds	1
   496     0075                     _dato:
   497     0075                     	ds	1
   498                           
   499                           	psect	cstackCOMMON
   500     0070                     __pcstackCOMMON:
   501     0070                     ?_setupINTOSC:
   502     0070                     ?_setup:	
   503                           ; 1 bytes @ 0x0
   504                           
   505     0070                     ?_I2C_Slave_Init:	
   506                           ; 1 bytes @ 0x0
   507                           
   508     0070                     ?_isr:	
   509                           ; 1 bytes @ 0x0
   510                           
   511     0070                     ??_isr:	
   512                           ; 1 bytes @ 0x0
   513                           
   514     0070                     ?_main:	
   515                           ; 1 bytes @ 0x0
   516                           
   517                           
   518                           ; 1 bytes @ 0x0
   519     0070                     	ds	3
   520     0073                     ??_setupINTOSC:
   521     0073                     ??_I2C_Slave_Init:	
   522                           ; 1 bytes @ 0x3
   523                           
   524     0073                     I2C_Slave_Init@address:	
   525                           ; 1 bytes @ 0x3
   526                           
   527     0073                     setupINTOSC@IRCF:	
   528                           ; 1 bytes @ 0x3
   529                           
   530                           
   531                           ; 1 bytes @ 0x3
   532     0073                     	ds	1
   533     0074                     ??_setup:
   534     0074                     ??_main:	
   535                           ; 1 bytes @ 0x4
   536                           
   537                           
   538                           	psect	maintext
   539     0102                     __pmaintext:	
   540                           ; 1 bytes @ 0x4
   541 ;;
   542 ;;Main: autosize = 0, tempsize = 0, incstack = 0, save=0
   543 ;;
   544 ;; *************** function _main *****************
   545 ;; Defined at:
   546 ;;		line 93 in file "main.c"
   547 ;; Parameters:    Size  Location     Type
   548 ;;		None
   549 ;; Auto vars:     Size  Location     Type
   550 ;;		None
   551 ;; Return value:  Size  Location     Type
   552 ;;                  1    wreg      void 
   553 ;; Registers used:
   554 ;;		wreg, status,2, status,0, pclath, cstack
   555 ;; Tracked objects:
   556 ;;		On entry : B00/0
   557 ;;		On exit  : 0/0
   558 ;;		Unchanged: 0/0
   559 ;; Data sizes:     COMMON   BANK0   BANK1   BANK3   BANK2
   560 ;;      Params:         0       0       0       0       0
   561 ;;      Locals:         0       0       0       0       0
   562 ;;      Temps:          0       0       0       0       0
   563 ;;      Totals:         0       0       0       0       0
   564 ;;Total ram usage:        0 bytes
   565 ;; Hardware stack levels required when called: 3
   566 ;; This function calls:
   567 ;;		_setup
   568 ;;		_setupINTOSC
   569 ;; This function is called by:
   570 ;;		Startup code after reset
   571 ;; This function uses a non-reentrant model
   572 ;;
   573                           
   574     0102                     _main:	
   575                           ;psect for function _main
   576                           
   577     0102                     l842:	
   578                           ;incstack = 0
   579                           ; Regs used in _main: [wreg+status,2+status,0+pclath+cstack]
   580                           
   581                           
   582                           ;main.c: 94:     setupINTOSC(5);
   583     0102  3005               	movlw	5
   584     0103  120A  118A  2015  120A  118A  	fcall	_setupINTOSC
   585                           
   586                           ;main.c: 95:     setup();
   587     0108  120A  118A  20ED  120A  118A  	fcall	_setup
   588     010D                     l844:
   589                           
   590                           ;main.c: 97:     dato = 0;
   591     010D  01F5               	clrf	_dato
   592     010E                     l61:	
   593                           ;main.c: 101:     while(1){ }
   594                           
   595     010E                     l62:
   596     010E  290E               	goto	l61
   597     010F  120A  118A  280C   	ljmp	start
   598     0112                     __end_of_main:
   599                           
   600                           	psect	text1
   601     0015                     __ptext1:	
   602 ;; *************** function _setupINTOSC *****************
   603 ;; Defined at:
   604 ;;		line 10 in file "oscilador.c"
   605 ;; Parameters:    Size  Location     Type
   606 ;;  IRCF            1    wreg     unsigned char 
   607 ;; Auto vars:     Size  Location     Type
   608 ;;  IRCF            1    3[COMMON] unsigned char 
   609 ;; Return value:  Size  Location     Type
   610 ;;                  1    wreg      void 
   611 ;; Registers used:
   612 ;;		wreg, status,2, status,0
   613 ;; Tracked objects:
   614 ;;		On entry : 0/0
   615 ;;		On exit  : 0/0
   616 ;;		Unchanged: 0/0
   617 ;; Data sizes:     COMMON   BANK0   BANK1   BANK3   BANK2
   618 ;;      Params:         0       0       0       0       0
   619 ;;      Locals:         1       0       0       0       0
   620 ;;      Temps:          0       0       0       0       0
   621 ;;      Totals:         1       0       0       0       0
   622 ;;Total ram usage:        1 bytes
   623 ;; Hardware stack levels used: 1
   624 ;; Hardware stack levels required when called: 1
   625 ;; This function calls:
   626 ;;		Nothing
   627 ;; This function is called by:
   628 ;;		_main
   629 ;; This function uses a non-reentrant model
   630 ;;
   631                           
   632     0015                     _setupINTOSC:	
   633                           ;psect for function _setupINTOSC
   634                           
   635                           
   636                           ;incstack = 0
   637                           ; Regs used in _setupINTOSC: [wreg+status,2+status,0]
   638                           ;setupINTOSC@IRCF stored from wreg
   639     0015  00F3               	movwf	setupINTOSC@IRCF
   640     0016                     l778:
   641                           
   642                           ;oscilador.c: 11:     if (IRCF == 7){
   643     0016  3007               	movlw	7
   644     0017  0673               	xorwf	setupINTOSC@IRCF,w
   645     0018  1D03               	btfss	3,2
   646     0019  281B               	goto	u11
   647     001A  281C               	goto	u10
   648     001B                     u11:
   649     001B  2820               	goto	l127
   650     001C                     u10:
   651     001C                     l780:
   652                           
   653                           ;oscilador.c: 12:         OSCCONbits.IRCF = 0b111;
   654     001C  3070               	movlw	112
   655     001D  1683               	bsf	3,5	;RP0=1, select bank1
   656     001E  1303               	bcf	3,6	;RP1=0, select bank1
   657     001F  048F               	iorwf	15,f	;volatile
   658     0020                     l127:	
   659                           ;oscilador.c: 13:     }
   660                           
   661                           
   662                           ;oscilador.c: 14:     if (IRCF == 6){
   663     0020  3006               	movlw	6
   664     0021  0673               	xorwf	setupINTOSC@IRCF,w
   665     0022  1D03               	btfss	3,2
   666     0023  2825               	goto	u21
   667     0024  2826               	goto	u20
   668     0025                     u21:
   669     0025  282C               	goto	l128
   670     0026                     u20:
   671     0026                     l782:
   672                           
   673                           ;oscilador.c: 15:         OSCCONbits.IRCF = 0b110;
   674     0026  1683               	bsf	3,5	;RP0=1, select bank1
   675     0027  1303               	bcf	3,6	;RP1=0, select bank1
   676     0028  080F               	movf	15,w	;volatile
   677     0029  398F               	andlw	-113
   678     002A  3860               	iorlw	96
   679     002B  008F               	movwf	15	;volatile
   680     002C                     l128:	
   681                           ;oscilador.c: 16:     }
   682                           
   683                           
   684                           ;oscilador.c: 17:     if (IRCF == 5){
   685     002C  3005               	movlw	5
   686     002D  0673               	xorwf	setupINTOSC@IRCF,w
   687     002E  1D03               	btfss	3,2
   688     002F  2831               	goto	u31
   689     0030  2832               	goto	u30
   690     0031                     u31:
   691     0031  2838               	goto	l129
   692     0032                     u30:
   693     0032                     l784:
   694                           
   695                           ;oscilador.c: 18:         OSCCONbits.IRCF = 0b101;
   696     0032  1683               	bsf	3,5	;RP0=1, select bank1
   697     0033  1303               	bcf	3,6	;RP1=0, select bank1
   698     0034  080F               	movf	15,w	;volatile
   699     0035  398F               	andlw	-113
   700     0036  3850               	iorlw	80
   701     0037  008F               	movwf	15	;volatile
   702     0038                     l129:	
   703                           ;oscilador.c: 19:     }
   704                           
   705                           
   706                           ;oscilador.c: 20:     if (IRCF == 4){
   707     0038  3004               	movlw	4
   708     0039  0673               	xorwf	setupINTOSC@IRCF,w
   709     003A  1D03               	btfss	3,2
   710     003B  283D               	goto	u41
   711     003C  283E               	goto	u40
   712     003D                     u41:
   713     003D  2844               	goto	l130
   714     003E                     u40:
   715     003E                     l786:
   716                           
   717                           ;oscilador.c: 21:         OSCCONbits.IRCF = 0b100;
   718     003E  1683               	bsf	3,5	;RP0=1, select bank1
   719     003F  1303               	bcf	3,6	;RP1=0, select bank1
   720     0040  080F               	movf	15,w	;volatile
   721     0041  398F               	andlw	-113
   722     0042  3840               	iorlw	64
   723     0043  008F               	movwf	15	;volatile
   724     0044                     l130:	
   725                           ;oscilador.c: 22:     }
   726                           
   727                           
   728                           ;oscilador.c: 23:     if (IRCF == 3){
   729     0044  3003               	movlw	3
   730     0045  0673               	xorwf	setupINTOSC@IRCF,w
   731     0046  1D03               	btfss	3,2
   732     0047  2849               	goto	u51
   733     0048  284A               	goto	u50
   734     0049                     u51:
   735     0049  2850               	goto	l131
   736     004A                     u50:
   737     004A                     l788:
   738                           
   739                           ;oscilador.c: 24:         OSCCONbits.IRCF = 0b011;
   740     004A  1683               	bsf	3,5	;RP0=1, select bank1
   741     004B  1303               	bcf	3,6	;RP1=0, select bank1
   742     004C  080F               	movf	15,w	;volatile
   743     004D  398F               	andlw	-113
   744     004E  3830               	iorlw	48
   745     004F  008F               	movwf	15	;volatile
   746     0050                     l131:	
   747                           ;oscilador.c: 25:     }
   748                           
   749                           
   750                           ;oscilador.c: 26:     if (IRCF == 2){
   751     0050  3002               	movlw	2
   752     0051  0673               	xorwf	setupINTOSC@IRCF,w
   753     0052  1D03               	btfss	3,2
   754     0053  2855               	goto	u61
   755     0054  2856               	goto	u60
   756     0055                     u61:
   757     0055  285C               	goto	l132
   758     0056                     u60:
   759     0056                     l790:
   760                           
   761                           ;oscilador.c: 27:         OSCCONbits.IRCF = 0b010;
   762     0056  1683               	bsf	3,5	;RP0=1, select bank1
   763     0057  1303               	bcf	3,6	;RP1=0, select bank1
   764     0058  080F               	movf	15,w	;volatile
   765     0059  398F               	andlw	-113
   766     005A  3820               	iorlw	32
   767     005B  008F               	movwf	15	;volatile
   768     005C                     l132:	
   769                           ;oscilador.c: 28:     }
   770                           
   771                           
   772                           ;oscilador.c: 29:     if (IRCF == 1){
   773     005C  0373               	decf	setupINTOSC@IRCF,w
   774     005D  1D03               	btfss	3,2
   775     005E  2860               	goto	u71
   776     005F  2861               	goto	u70
   777     0060                     u71:
   778     0060  2867               	goto	l133
   779     0061                     u70:
   780     0061                     l792:
   781                           
   782                           ;oscilador.c: 30:         OSCCONbits.IRCF = 0b001;
   783     0061  1683               	bsf	3,5	;RP0=1, select bank1
   784     0062  1303               	bcf	3,6	;RP1=0, select bank1
   785     0063  080F               	movf	15,w	;volatile
   786     0064  398F               	andlw	-113
   787     0065  3810               	iorlw	16
   788     0066  008F               	movwf	15	;volatile
   789     0067                     l133:	
   790                           ;oscilador.c: 31:     }
   791                           
   792                           
   793                           ;oscilador.c: 32:     if (IRCF == 0){
   794     0067  0873               	movf	setupINTOSC@IRCF,w
   795     0068  1D03               	btfss	3,2
   796     0069  286B               	goto	u81
   797     006A  286C               	goto	u80
   798     006B                     u81:
   799     006B  2870               	goto	l796
   800     006C                     u80:
   801     006C                     l794:
   802                           
   803                           ;oscilador.c: 33:         OSCCONbits.IRCF = 0b000;
   804     006C  308F               	movlw	-113
   805     006D  1683               	bsf	3,5	;RP0=1, select bank1
   806     006E  1303               	bcf	3,6	;RP1=0, select bank1
   807     006F  058F               	andwf	15,f	;volatile
   808     0070                     l796:
   809                           
   810                           ;oscilador.c: 36:     OSCCONbits.SCS = 1;
   811     0070  1683               	bsf	3,5	;RP0=1, select bank1
   812     0071  1303               	bcf	3,6	;RP1=0, select bank1
   813     0072  140F               	bsf	15,0	;volatile
   814     0073                     l135:
   815     0073  0008               	return
   816     0074                     __end_of_setupINTOSC:
   817                           
   818                           	psect	text2
   819     00ED                     __ptext2:	
   820 ;; *************** function _setup *****************
   821 ;; Defined at:
   822 ;;		line 107 in file "main.c"
   823 ;; Parameters:    Size  Location     Type
   824 ;;		None
   825 ;; Auto vars:     Size  Location     Type
   826 ;;		None
   827 ;; Return value:  Size  Location     Type
   828 ;;                  1    wreg      void 
   829 ;; Registers used:
   830 ;;		wreg, status,2, status,0, pclath, cstack
   831 ;; Tracked objects:
   832 ;;		On entry : 0/0
   833 ;;		On exit  : 0/0
   834 ;;		Unchanged: 0/0
   835 ;; Data sizes:     COMMON   BANK0   BANK1   BANK3   BANK2
   836 ;;      Params:         0       0       0       0       0
   837 ;;      Locals:         0       0       0       0       0
   838 ;;      Temps:          0       0       0       0       0
   839 ;;      Totals:         0       0       0       0       0
   840 ;;Total ram usage:        0 bytes
   841 ;; Hardware stack levels used: 1
   842 ;; Hardware stack levels required when called: 2
   843 ;; This function calls:
   844 ;;		_I2C_Slave_Init
   845 ;; This function is called by:
   846 ;;		_main
   847 ;; This function uses a non-reentrant model
   848 ;;
   849                           
   850     00ED                     _setup:	
   851                           ;psect for function _setup
   852                           
   853     00ED                     l798:	
   854                           ;incstack = 0
   855                           ; Regs used in _setup: [wreg+status,2+status,0+pclath+cstack]
   856                           
   857                           
   858                           ;main.c: 108:     ANSEL = 0;
   859     00ED  1683               	bsf	3,5	;RP0=1, select bank3
   860     00EE  1703               	bsf	3,6	;RP1=1, select bank3
   861     00EF  0188               	clrf	8	;volatile
   862                           
   863                           ;main.c: 109:     ANSELH = 0;
   864     00F0  0189               	clrf	9	;volatile
   865                           
   866                           ;main.c: 112:     TRISB = 0b00000000;
   867     00F1  1683               	bsf	3,5	;RP0=1, select bank1
   868     00F2  1303               	bcf	3,6	;RP1=0, select bank1
   869     00F3  0186               	clrf	6	;volatile
   870                           
   871                           ;main.c: 113:     TRISD = 0;
   872     00F4  0188               	clrf	8	;volatile
   873                           
   874                           ;main.c: 115:     PORTB = 0;
   875     00F5  1283               	bcf	3,5	;RP0=0, select bank0
   876     00F6  1303               	bcf	3,6	;RP1=0, select bank0
   877     00F7  0186               	clrf	6	;volatile
   878                           
   879                           ;main.c: 116:     PORTC = 0;
   880     00F8  0187               	clrf	7	;volatile
   881                           
   882                           ;main.c: 117:     PORTD = 0;
   883     00F9  0188               	clrf	8	;volatile
   884     00FA                     l800:
   885                           
   886                           ;main.c: 120:     INTCONbits.GIE = 1;
   887     00FA  178B               	bsf	11,7	;volatile
   888     00FB                     l802:
   889                           
   890                           ;main.c: 122:     I2C_Slave_Init(0x50);
   891     00FB  3050               	movlw	80
   892     00FC  120A  118A  20D3  120A  118A  	fcall	_I2C_Slave_Init
   893     0101                     l67:
   894     0101  0008               	return
   895     0102                     __end_of_setup:
   896                           
   897                           	psect	text3
   898     00D3                     __ptext3:	
   899 ;; *************** function _I2C_Slave_Init *****************
   900 ;; Defined at:
   901 ;;		line 93 in file "I2C.c"
   902 ;; Parameters:    Size  Location     Type
   903 ;;  address         1    wreg     unsigned char 
   904 ;; Auto vars:     Size  Location     Type
   905 ;;  address         1    3[COMMON] unsigned char 
   906 ;; Return value:  Size  Location     Type
   907 ;;                  1    wreg      void 
   908 ;; Registers used:
   909 ;;		wreg
   910 ;; Tracked objects:
   911 ;;		On entry : 0/0
   912 ;;		On exit  : 0/0
   913 ;;		Unchanged: 0/0
   914 ;; Data sizes:     COMMON   BANK0   BANK1   BANK3   BANK2
   915 ;;      Params:         0       0       0       0       0
   916 ;;      Locals:         1       0       0       0       0
   917 ;;      Temps:          0       0       0       0       0
   918 ;;      Totals:         1       0       0       0       0
   919 ;;Total ram usage:        1 bytes
   920 ;; Hardware stack levels used: 1
   921 ;; Hardware stack levels required when called: 1
   922 ;; This function calls:
   923 ;;		Nothing
   924 ;; This function is called by:
   925 ;;		_setup
   926 ;; This function uses a non-reentrant model
   927 ;;
   928                           
   929     00D3                     _I2C_Slave_Init:	
   930                           ;psect for function _I2C_Slave_Init
   931                           
   932                           
   933                           ;incstack = 0
   934                           ; Regs used in _I2C_Slave_Init: [wreg]
   935                           ;I2C_Slave_Init@address stored from wreg
   936     00D3  00F3               	movwf	I2C_Slave_Init@address
   937     00D4                     l764:
   938                           
   939                           ;I2C.c: 93: void I2C_Slave_Init(uint8_t address);I2C.c: 94: {;I2C.c: 95:     SSPADD = ad
      +                          dress;
   940     00D4  0873               	movf	I2C_Slave_Init@address,w
   941     00D5  1683               	bsf	3,5	;RP0=1, select bank1
   942     00D6  1303               	bcf	3,6	;RP1=0, select bank1
   943     00D7  0093               	movwf	19	;volatile
   944                           
   945                           ;I2C.c: 96:     SSPCON = 0x36;
   946     00D8  3036               	movlw	54
   947     00D9  1283               	bcf	3,5	;RP0=0, select bank0
   948     00DA  1303               	bcf	3,6	;RP1=0, select bank0
   949     00DB  0094               	movwf	20	;volatile
   950                           
   951                           ;I2C.c: 97:     SSPSTAT = 0x80;
   952     00DC  3080               	movlw	128
   953     00DD  1683               	bsf	3,5	;RP0=1, select bank1
   954     00DE  1303               	bcf	3,6	;RP1=0, select bank1
   955     00DF  0094               	movwf	20	;volatile
   956                           
   957                           ;I2C.c: 98:     SSPCON2 = 0x01;
   958     00E0  3001               	movlw	1
   959     00E1  0091               	movwf	17	;volatile
   960     00E2                     l766:
   961                           
   962                           ;I2C.c: 99:     TRISC3 = 1;
   963     00E2  1587               	bsf	7,3	;volatile
   964     00E3                     l768:
   965                           
   966                           ;I2C.c: 100:     TRISC4 = 1;
   967     00E3  1607               	bsf	7,4	;volatile
   968     00E4                     l770:
   969                           
   970                           ;I2C.c: 101:     GIE = 1;
   971     00E4  178B               	bsf	11,7	;volatile
   972     00E5                     l772:
   973                           
   974                           ;I2C.c: 102:     PEIE = 1;
   975     00E5  170B               	bsf	11,6	;volatile
   976     00E6                     l774:
   977                           
   978                           ;I2C.c: 103:     SSPIF = 0;
   979     00E6  1283               	bcf	3,5	;RP0=0, select bank0
   980     00E7  1303               	bcf	3,6	;RP1=0, select bank0
   981     00E8  118C               	bcf	12,3	;volatile
   982     00E9                     l776:
   983                           
   984                           ;I2C.c: 104:     SSPIE = 1;
   985     00E9  1683               	bsf	3,5	;RP0=1, select bank1
   986     00EA  1303               	bcf	3,6	;RP1=0, select bank1
   987     00EB  158C               	bsf	12,3	;volatile
   988     00EC                     l122:
   989     00EC  0008               	return
   990     00ED                     __end_of_I2C_Slave_Init:
   991                           
   992                           	psect	text4
   993     0074                     __ptext4:	
   994 ;; *************** function _isr *****************
   995 ;; Defined at:
   996 ;;		line 53 in file "main.c"
   997 ;; Parameters:    Size  Location     Type
   998 ;;		None
   999 ;; Auto vars:     Size  Location     Type
  1000 ;;		None
  1001 ;; Return value:  Size  Location     Type
  1002 ;;                  1    wreg      void 
  1003 ;; Registers used:
  1004 ;;		wreg
  1005 ;; Tracked objects:
  1006 ;;		On entry : 0/0
  1007 ;;		On exit  : 0/0
  1008 ;;		Unchanged: 0/0
  1009 ;; Data sizes:     COMMON   BANK0   BANK1   BANK3   BANK2
  1010 ;;      Params:         0       0       0       0       0
  1011 ;;      Locals:         0       0       0       0       0
  1012 ;;      Temps:          3       0       0       0       0
  1013 ;;      Totals:         3       0       0       0       0
  1014 ;;Total ram usage:        3 bytes
  1015 ;; Hardware stack levels used: 1
  1016 ;; This function calls:
  1017 ;;		Nothing
  1018 ;; This function is called by:
  1019 ;;		Interrupt level 1
  1020 ;; This function uses a non-reentrant model
  1021 ;;
  1022                           
  1023     0074                     _isr:	
  1024                           ;psect for function _isr
  1025                           
  1026     0074                     i1l808:
  1027                           
  1028                           ;main.c: 54:    if(PIR1bits.SSPIF == 1){
  1029     0074  1283               	bcf	3,5	;RP0=0, select bank0
  1030     0075  1303               	bcf	3,6	;RP1=0, select bank0
  1031     0076  1D8C               	btfss	12,3	;volatile
  1032     0077  2879               	goto	u11_21
  1033     0078  287A               	goto	u11_20
  1034     0079                     u11_21:
  1035     0079  28CC               	goto	i1l56
  1036     007A                     u11_20:
  1037     007A                     i1l810:
  1038                           
  1039                           ;main.c: 56:         SSPCONbits.CKP = 0;
  1040     007A  1214               	bcf	20,4	;volatile
  1041                           
  1042                           ;main.c: 58:         if ((SSPCONbits.SSPOV) || (SSPCONbits.WCOL)){
  1043     007B  1B14               	btfsc	20,6	;volatile
  1044     007C  287E               	goto	u12_21
  1045     007D  287F               	goto	u12_20
  1046     007E                     u12_21:
  1047     007E  2883               	goto	i1l814
  1048     007F                     u12_20:
  1049     007F                     i1l812:
  1050     007F  1F94               	btfss	20,7	;volatile
  1051     0080  2882               	goto	u13_21
  1052     0081  2883               	goto	u13_20
  1053     0082                     u13_21:
  1054     0082  2888               	goto	i1l822
  1055     0083                     u13_20:
  1056     0083                     i1l814:
  1057                           
  1058                           ;main.c: 59:             z = SSPBUF;
  1059     0083  0813               	movf	19,w	;volatile
  1060     0084  00F4               	movwf	_z
  1061     0085                     i1l816:
  1062                           
  1063                           ;main.c: 60:             SSPCONbits.SSPOV = 0;
  1064     0085  1314               	bcf	20,6	;volatile
  1065     0086                     i1l818:
  1066                           
  1067                           ;main.c: 61:             SSPCONbits.WCOL = 0;
  1068     0086  1394               	bcf	20,7	;volatile
  1069     0087                     i1l820:
  1070                           
  1071                           ;main.c: 62:             SSPCONbits.CKP = 1;
  1072     0087  1614               	bsf	20,4	;volatile
  1073     0088                     i1l822:
  1074                           
  1075                           ;main.c: 65:         if(!SSPSTATbits.D_nA && !SSPSTATbits.R_nW) {
  1076     0088  1683               	bsf	3,5	;RP0=1, select bank1
  1077     0089  1303               	bcf	3,6	;RP1=0, select bank1
  1078     008A  1A94               	btfsc	20,5	;volatile
  1079     008B  288D               	goto	u14_21
  1080     008C  288E               	goto	u14_20
  1081     008D                     u14_21:
  1082     008D  28AA               	goto	i1l47
  1083     008E                     u14_20:
  1084     008E                     i1l824:
  1085     008E  1914               	btfsc	20,2	;volatile
  1086     008F  2891               	goto	u15_21
  1087     0090  2892               	goto	u15_20
  1088     0091                     u15_21:
  1089     0091  28AA               	goto	i1l47
  1090     0092                     u15_20:
  1091     0092                     i1l826:
  1092                           
  1093                           ;main.c: 67:             z = SSPBUF;
  1094     0092  1283               	bcf	3,5	;RP0=0, select bank0
  1095     0093  1303               	bcf	3,6	;RP1=0, select bank0
  1096     0094  0813               	movf	19,w	;volatile
  1097     0095  00F4               	movwf	_z
  1098     0096                     i1l828:
  1099                           
  1100                           ;main.c: 69:             PIR1bits.SSPIF = 0;
  1101     0096  118C               	bcf	12,3	;volatile
  1102     0097                     i1l830:
  1103                           
  1104                           ;main.c: 70:             SSPCONbits.CKP = 1;
  1105     0097  1614               	bsf	20,4	;volatile
  1106     0098                     i1l48:	
  1107                           ;main.c: 71:             while(!SSPSTATbits.BF);
  1108                           
  1109     0098  1683               	bsf	3,5	;RP0=1, select bank1
  1110     0099  1303               	bcf	3,6	;RP1=0, select bank1
  1111     009A  1C14               	btfss	20,0	;volatile
  1112     009B  289D               	goto	u16_21
  1113     009C  289E               	goto	u16_20
  1114     009D                     u16_21:
  1115     009D  2898               	goto	i1l48
  1116     009E                     u16_20:
  1117     009E                     i1l832:
  1118                           
  1119                           ;main.c: 72:             z = SSPBUF;
  1120     009E  1283               	bcf	3,5	;RP0=0, select bank0
  1121     009F  1303               	bcf	3,6	;RP1=0, select bank0
  1122     00A0  0813               	movf	19,w	;volatile
  1123     00A1  00F4               	movwf	_z
  1124                           
  1125                           ;main.c: 73:             dato = SSPBUF;
  1126     00A2  0813               	movf	19,w	;volatile
  1127     00A3  00F5               	movwf	_dato
  1128                           
  1129                           ;main.c: 74:             _delay((unsigned long)((250)*(8000000/4000000.0)));
  1130     00A4  30A6               	movlw	166
  1131     00A5  00F0               	movwf	??_isr
  1132     00A6                     u31_27:
  1133     00A6  0BF0               	decfsz	??_isr,f
  1134     00A7  28A6               	goto	u31_27
  1135     00A8  0000               	nop
  1136                           
  1137                           ;main.c: 76:         }else if(!SSPSTATbits.D_nA && SSPSTATbits.R_nW){
  1138     00A9  28C9               	goto	i1l51
  1139     00AA                     i1l47:
  1140     00AA  1A94               	btfsc	20,5	;volatile
  1141     00AB  28AD               	goto	u17_21
  1142     00AC  28AE               	goto	u17_20
  1143     00AD                     u17_21:
  1144     00AD  28C9               	goto	i1l51
  1145     00AE                     u17_20:
  1146     00AE                     i1l834:
  1147     00AE  1D14               	btfss	20,2	;volatile
  1148     00AF  28B1               	goto	u18_21
  1149     00B0  28B2               	goto	u18_20
  1150     00B1                     u18_21:
  1151     00B1  28C9               	goto	i1l51
  1152     00B2                     u18_20:
  1153     00B2                     i1l836:
  1154                           
  1155                           ;main.c: 77:             z = SSPBUF;
  1156     00B2  1283               	bcf	3,5	;RP0=0, select bank0
  1157     00B3  1303               	bcf	3,6	;RP1=0, select bank0
  1158     00B4  0813               	movf	19,w	;volatile
  1159     00B5  00F4               	movwf	_z
  1160     00B6                     i1l838:
  1161                           
  1162                           ;main.c: 78:             BF = 0;
  1163     00B6  1683               	bsf	3,5	;RP0=1, select bank1
  1164     00B7  1303               	bcf	3,6	;RP1=0, select bank1
  1165     00B8  1014               	bcf	20,0	;volatile
  1166                           
  1167                           ;main.c: 79:             SSPBUF = PORTB;
  1168     00B9  1283               	bcf	3,5	;RP0=0, select bank0
  1169     00BA  1303               	bcf	3,6	;RP1=0, select bank0
  1170     00BB  0806               	movf	6,w	;volatile
  1171     00BC  0093               	movwf	19	;volatile
  1172     00BD                     i1l840:
  1173                           
  1174                           ;main.c: 80:             SSPCONbits.CKP = 1;
  1175     00BD  1614               	bsf	20,4	;volatile
  1176                           
  1177                           ;main.c: 81:             _delay((unsigned long)((250)*(8000000/4000000.0)));
  1178     00BE  30A6               	movlw	166
  1179     00BF  00F0               	movwf	??_isr
  1180     00C0                     u32_27:
  1181     00C0  0BF0               	decfsz	??_isr,f
  1182     00C1  28C0               	goto	u32_27
  1183     00C2  0000               	nop
  1184     00C3                     i1l53:	
  1185                           ;main.c: 82:             while(SSPSTATbits.BF);
  1186                           
  1187     00C3  1683               	bsf	3,5	;RP0=1, select bank1
  1188     00C4  1303               	bcf	3,6	;RP1=0, select bank1
  1189     00C5  1814               	btfsc	20,0	;volatile
  1190     00C6  28C8               	goto	u19_21
  1191     00C7  28C9               	goto	u19_20
  1192     00C8                     u19_21:
  1193     00C8  28C3               	goto	i1l53
  1194     00C9                     u19_20:
  1195     00C9                     i1l51:
  1196                           
  1197                           ;main.c: 85:         PIR1bits.SSPIF = 0;
  1198     00C9  1283               	bcf	3,5	;RP0=0, select bank0
  1199     00CA  1303               	bcf	3,6	;RP1=0, select bank0
  1200     00CB  118C               	bcf	12,3	;volatile
  1201     00CC                     i1l56:
  1202     00CC  0872               	movf	??_isr+2,w
  1203     00CD  008A               	movwf	10
  1204     00CE  0E71               	swapf	??_isr+1,w
  1205     00CF  0083               	movwf	3
  1206     00D0  0EFE               	swapf	btemp,f
  1207     00D1  0E7E               	swapf	btemp,w
  1208     00D2  0009               	retfie
  1209     00D3                     __end_of_isr:
  1210     007E                     btemp	set	126	;btemp
  1211     007E                     wtemp0	set	126
  1212                           
  1213                           	psect	intentry
  1214     0004                     __pintentry:	
  1215                           ;incstack = 0
  1216                           ; Regs used in _isr: [wreg]
  1217                           
  1218     0004                     interrupt_function:
  1219     007E                     saved_w	set	btemp
  1220     0004  00FE               	movwf	btemp
  1221     0005  0E03               	swapf	3,w
  1222     0006  00F1               	movwf	??_isr+1
  1223     0007  080A               	movf	10,w
  1224     0008  00F2               	movwf	??_isr+2
  1225     0009  120A  118A  2874   	ljmp	_isr
  1226                           
  1227                           	psect	idloc
  1228                           
  1229                           ;Config register IDLOC0 @ 0x2000
  1230                           ;	unspecified, using default values
  1231     2000                     	org	8192
  1232     2000  3FFF               	dw	16383
  1233                           
  1234                           ;Config register IDLOC1 @ 0x2001
  1235                           ;	unspecified, using default values
  1236     2001                     	org	8193
  1237     2001  3FFF               	dw	16383
  1238                           
  1239                           ;Config register IDLOC2 @ 0x2002
  1240                           ;	unspecified, using default values
  1241     2002                     	org	8194
  1242     2002  3FFF               	dw	16383
  1243                           
  1244                           ;Config register IDLOC3 @ 0x2003
  1245                           ;	unspecified, using default values
  1246     2003                     	org	8195
  1247     2003  3FFF               	dw	16383
  1248                           
  1249                           	psect	config
  1250                           
  1251                           ;Config register CONFIG1 @ 0x2007
  1252                           ;	Oscillator Selection bits
  1253                           ;	FOSC = INTRC_NOCLKOUT, INTOSCIO oscillator: I/O function on RA6/OSC2/CLKOUT pin, I/O f
      +                          unction on RA7/OSC1/CLKIN
  1254                           ;	Watchdog Timer Enable bit
  1255                           ;	WDTE = OFF, WDT disabled and can be enabled by SWDTEN bit of the WDTCON register
  1256                           ;	Power-up Timer Enable bit
  1257                           ;	PWRTE = OFF, PWRT disabled
  1258                           ;	RE3/MCLR pin function select bit
  1259                           ;	MCLRE = OFF, RE3/MCLR pin function is digital input, MCLR internally tied to VDD
  1260                           ;	Code Protection bit
  1261                           ;	CP = OFF, Program memory code protection is disabled
  1262                           ;	Data Code Protection bit
  1263                           ;	CPD = OFF, Data memory code protection is disabled
  1264                           ;	Brown Out Reset Selection bits
  1265                           ;	BOREN = OFF, BOR disabled
  1266                           ;	Internal External Switchover bit
  1267                           ;	IESO = OFF, Internal/External Switchover mode is disabled
  1268                           ;	Fail-Safe Clock Monitor Enabled bit
  1269                           ;	FCMEN = OFF, Fail-Safe Clock Monitor is disabled
  1270                           ;	Low Voltage Programming Enable bit
  1271                           ;	LVP = OFF, RB3 pin has digital I/O, HV on MCLR must be used for programming
  1272                           ;	In-Circuit Debugger Mode bit
  1273                           ;	DEBUG = 0x1, unprogramme  1274     2007                     	org	8199
  1275     2007  20D4               	dw	8404
  1276                           
  1277                           ;Config register CONFIG2 @ 0x2008
  1278                           ;	Brown-out Reset Selection bit
  1279                           ;	BOR4V = BOR40V, Brown-out Reset set to 4.0V
  1280                           ;	Flash Program Memory Self Write Enable bits
  1281                           ;	WRT = OFF, Write protection off
  1282     2008                     	org	8200
  1283     2008  3FFF               	dw	16383

Data Sizes:
    Strings     0
    Constant    0
    Data        0
    BSS         2
    Persistent  0
    Stack       0

Auto Spaces:
    Space          Size  Autos    Used
    COMMON           14      4       6
    BANK0            80      0       0
    BANK1            80      0       0
    BANK3            96      0       0
    BANK2            96      0       0

Pointer List with Targets:

    None.

Critical Paths under _main in COMMON

    _main->_setupINTOSC
    _setup->_I2C_Slave_Init

Critical Paths under _isr in COMMON

    None.

Critical Paths under _main in BANK0

    None.

Critical Paths under _isr in BANK0

    None.

Critical Paths under _main in BANK1

    None.

Critical Paths under _isr in BANK1

    None.

Critical Paths under _main in BANK3

    None.

Critical Paths under _isr in BANK3

    None.

Critical Paths under _main in BANK2

    None.

Critical Paths under _isr in BANK2

    None.

Call Graph Tables:

 ---------------------------------------------------------------------------------
 (Depth) Function   	        Calls       Base Space   Used Autos Params    Refs
 ---------------------------------------------------------------------------------
 (0) _main                                                 0     0      0     135
                              _setup
                        _setupINTOSC
 ---------------------------------------------------------------------------------
 (1) _setupINTOSC                                          1     1      0     120
                                              3 COMMON     1     1      0
 ---------------------------------------------------------------------------------
 (1) _setup                                                0     0      0      15
                     _I2C_Slave_Init
 ---------------------------------------------------------------------------------
 (2) _I2C_Slave_Init                                       1     1      0      15
                                              3 COMMON     1     1      0
 ---------------------------------------------------------------------------------
 Estimated maximum stack depth 2
 ---------------------------------------------------------------------------------
 (Depth) Function   	        Calls       Base Space   Used Autos Params    Refs
 ---------------------------------------------------------------------------------
 (3) _isr                                                  3     3      0       0
                                              0 COMMON     3     3      0
 ---------------------------------------------------------------------------------
 Estimated maximum stack depth 3
 ---------------------------------------------------------------------------------

 Call Graph Graphs:

 _main (ROOT)
   _setup
     _I2C_Slave_Init
   _setupINTOSC

 _isr (ROOT)

 Address spaces:
Name               Size   Autos  Total    Cost      Usage
BITCOMMON            E      0       0       0        0.0%
EEDATA             100      0       0       0        0.0%
NULL                 0      0       0       0        0.0%
CODE                 0      0       0       0        0.0%
COMMON               E      4       6       1       42.9%
BITSFR0              0      0       0       1        0.0%
SFR0                 0      0       0       1        0.0%
BITSFR1              0      0       0       2        0.0%
SFR1                 0      0       0       2        0.0%
STACK                0      0       0       2        0.0%
ABS                  0      0       6       3        0.0%
BITBANK0            50      0       0       4        0.0%
BITSFR3              0      0       0       4        0.0%
SFR3                 0      0       0       4        0.0%
BANK0               50      0       0       5        0.0%
BITSFR2              0      0       0       5        0.0%
SFR2                 0      0       0       5        0.0%
BITBANK1            50      0       0       6        0.0%
BANK1               50      0       0       7        0.0%
BITBANK3            60      0       0       8        0.0%
BANK3               60      0       0       9        0.0%
BITBANK2            60      0       0      10        0.0%
BANK2               60      0       0      11        0.0%
DATA                 0      0       6      12        0.0%


Microchip Technology PIC Macro Assembler V2.40 build 20220703182018 
Symbol Table                                                                                   Thu Mar 09 01:25:29 2023

                      _z 0074              _SSPSTATbits 0094                       _BF 04A0  
                     l61 010E                       l62 010E                       l67 0101  
                     u10 001C                       u11 001B                       u20 0026  
                     u21 0025                       u30 0032                       u31 0031  
                     u40 003E                       u41 003D                       u50 004A  
                     u51 0049                       u60 0056                       u61 0055  
                     u70 0061                       u71 0060                       u80 006C  
                     u81 006B                      l122 00EC                      l130 0044  
                    l131 0050                      l132 005C                      l133 0067  
                    l135 0073                      l127 0020                      l128 002C  
                    l129 0038                      l800 00FA                      l802 00FB  
                    l770 00E4                      l842 0102                      l772 00E5  
                    l764 00D4                      l780 001C                      l844 010D  
                    l774 00E6                      l766 00E2                      l790 0056  
                    l782 0026                      l776 00E9                      l768 00E3  
                    l792 0061                      l784 0032                      l794 006C  
                    l786 003E                      l778 0016                      l796 0070  
                    l788 004A                      l798 00ED                      _GIE 005F  
                    _isr 0074                     _ADIF 0066                     ?_isr 0070  
                   _PEIE 005E                     i1l51 00C9                     i1l53 00C3  
                   i1l47 00AA                     i1l48 0098                     i1l56 00CC  
                   _dato 0075                     _main 0102                     btemp 007E  
                   start 000C                    ??_isr 0070                    ?_main 0070  
                  _ANSEL 0188                    i1l810 007A                    i1l820 0087  
                  i1l812 007F                    i1l830 0097                    i1l822 0088  
                  i1l814 0083                    i1l840 00BD                    i1l832 009E  
                  i1l824 008E                    i1l816 0085                    i1l808 0074  
                  i1l834 00AE                    i1l826 0092                    i1l818 0086  
                  i1l836 00B2                    i1l828 0096                    i1l838 00B6  
                  u11_20 007A                    u11_21 0079                    u12_20 007F  
                  u12_21 007E                    u13_20 0083                    u13_21 0082  
                  u14_20 008E                    u14_21 008D                    u15_20 0092  
                  u15_21 0091                    u31_27 00A6                    u16_20 009E  
                  u16_21 009D                    u32_27 00C0                    u17_20 00AE  
                  u17_21 00AD                    u18_20 00B2                    u18_21 00B1  
                  u19_20 00C9                    u19_21 00C8                    _PORTB 0006  
                  _PORTC 0007                    _PORTD 0008                    _TRISB 0086  
                  _TRISD 0088                    _SSPIE 0463                    _SSPIF 0063  
                  _setup 00ED                    pclath 000A                    status 0003  
                  wtemp0 007E          __initialization 000F             __end_of_main 0112  
                 ??_main 0074                   _ADRESH 001E                   ?_setup 0070  
                 _ANSELH 0189                   _SSPADD 0093                   _TRISC3 043B  
                 _TRISC4 043C                   _SSPBUF 0013                   _SSPCON 0014  
           ?_setupINTOSC 0070                   saved_w 007E  __end_of__initialization 0011  
         __pcstackCOMMON 0070            __end_of_setup 0102                  ??_setup 0074  
  I2C_Slave_Init@address 0073               __pmaintext 0102               __pintentry 0004  
                _SSPCON2 0091                  _SSPSTAT 0094                _ANSELbits 0188  
                __ptext1 0015                  __ptext2 00ED                  __ptext3 00D3  
                __ptext4 0074     end_of_initialization 0011           _I2C_Slave_Init 00D3  
              _PORTAbits 0005                _TRISAbits 0085                _TRISCbits 0087  
 __end_of_I2C_Slave_Init 00ED      start_initialization 000F              __end_of_isr 00D3  
        ?_I2C_Slave_Init 0070              __pbssCOMMON 0074                ___latbits 0002  
        setupINTOSC@IRCF 0073        interrupt_function 0004                 _PIR1bits 000C  
             _ADCON0bits 001F               _ADCON1bits 009F            ??_setupINTOSC 0073  
    __end_of_setupINTOSC 0074         ??_I2C_Slave_Init 0073               _INTCONbits 000B  
               intlevel1 0000               _OSCCONbits 008F              _setupINTOSC 0015  
            _SSPCON2bits 0091               _SSPCONbits 0014  
