

Microchip MPLAB XC8 Assembler V2.40 build 20220703182018 
                                                                                               Wed Mar 08 01:07:36 2023

Microchip MPLAB XC8 C Compiler v2.40 (Free license) build 20220703182018 Og1 
     1                           	processor	16F887
     2                           	pagewidth 120
     3                           	opt	flic
     4                           	psect	cinit,global,class=CODE,merge=1,delta=2
     5                           	psect	bssCOMMON,global,class=COMMON,space=1,delta=1,noexec
     6                           	psect	cstackCOMMON,global,class=COMMON,space=1,delta=1,noexec
     7                           	psect	maintext,global,class=CODE,split=1,delta=2
     8                           	psect	text1,local,class=CODE,merge=1,delta=2
     9                           	psect	text2,local,class=CODE,merge=1,delta=2
    10                           	psect	text3,local,class=CODE,merge=1,delta=2
    11                           	psect	text4,local,class=CODE,merge=1,delta=2
    12                           	psect	text5,local,class=CODE,merge=1,delta=2
    13                           	psect	intentry,global,class=CODE,delta=2
    14                           	psect	idloc,global,abs,ovrld,class=IDLOC,space=5,delta=2,noexec
    15                           	psect	config,global,abs,ovrld,class=CONFIG,space=4,delta=2,noexec
    16                           	dabs	1,0x7E,2
    17     0000                     
    18                           ; Version 2.40
    19                           ; Generated 17/11/2021 GMT
    20                           ; 
    21                           ; Copyright © 2021, Microchip Technology Inc. and its subsidiaries ("Microchip")
    22                           ; All rights reserved.
    23                           ; 
    24                           ; This software is developed by Microchip Technology Inc. and its subsidiaries ("Microch
      +                          ip").
    25                           ; 
    26                           ; Redistribution and use in source and binary forms, with or without modification, are
    27                           ; permitted provided that the following conditions are met:
    28                           ; 
    29                           ;     1. Redistributions of source code must retain the above copyright notice, this lis
      +                          t of
    30                           ;        conditions and the following disclaimer.
    31                           ; 
    32                           ;     2. Redistributions in binary form must reproduce the above copyright notice, this 
      +                          list
    33                           ;        of conditions and the following disclaimer in the documentation and/or other
    34                           ;        materials provided with the distribution. Publication is not required when
    35                           ;        this file is used in an embedded application.
    36                           ; 
    37                           ;     3. Microchip's name may not be used to endorse or promote products derived from th
      +                          is
    38                           ;        software without specific prior written permission.
    39                           ; 
    40                           ; THIS SOFTWARE IS PROVIDED BY MICROCHIP "AS IS" AND ANY EXPRESS OR IMPLIED WARRANTIES,
    41                           ; INCLUDING, BUT NOT LIMITED TO, THE IMPLIED WARRANTIES OF MERCHANTABILITY AND FITNESS F
      +                          OR
    42                           ; PURPOSE ARE DISCLAIMED.  IN NO EVENT SHALL MICROCHIP BE LIABLE FOR ANY DIRECT, INDIREC
      +                          T,
    43                           ; INCIDENTAL, SPECIAL, EXEMPLARY, OR CONSEQUENTIAL DAMAGES (INCLUDING BUT NOT LIMITED TO
    44                           ; PROCUREMENT OF SUBSTITUTE GOODS OR SERVICES; LOSS OF USE, DATA OR PROFITS; OR BUSINESS
    45                           ; INTERRUPTION) HOWSOEVER CAUSED AND ON ANY THEORY OF LIABILITY, WHETHER IN CONTRACT, ST
      +                          RICT
    46                           ; LIABILITY, OR TORT (INCLUDING NEGLIGENCE OR OTHERWISE) ARISING IN ANY WAY OUT OF THE U
      +                          SE OF
    47                           ; THIS SOFTWARE, EVEN IF ADVISED OF THE POSSIBILITY OF SUCH DAMAGE.
    48                           ; 
    49                           ; 
    50                           ; Code-generator required, PIC16F887 Definitions
    51                           ; 
    52                           ; SFR Addresses
    53     0000                     	;# 
    54     0001                     	;# 
    55     0002                     	;# 
    56     0003                     	;# 
    57     0004                     	;# 
    58     0005                     	;# 
    59     0006                     	;# 
    60     0007                     	;# 
    61     0008                     	;# 
    62     0009                     	;# 
    63     000A                     	;# 
    64     000B                     	;# 
    65     000C                     	;# 
    66     000D                     	;# 
    67     000E                     	;# 
    68     000E                     	;# 
    69     000F                     	;# 
    70     0010                     	;# 
    71     0011                     	;# 
    72     0012                     	;# 
    73     0013                     	;# 
    74     0014                     	;# 
    75     0015                     	;# 
    76     0015                     	;# 
    77     0016                     	;# 
    78     0017                     	;# 
    79     0018                     	;# 
    80     0019                     	;# 
    81     001A                     	;# 
    82     001B                     	;# 
    83     001B                     	;# 
    84     001C                     	;# 
    85     001D                     	;# 
    86     001E                     	;# 
    87     001F                     	;# 
    88     0081                     	;# 
    89     0085                     	;# 
    90     0086                     	;# 
    91     0087                     	;# 
    92     0088                     	;# 
    93     0089                     	;# 
    94     008C                     	;# 
    95     008D                     	;# 
    96     008E                     	;# 
    97     008F                     	;# 
    98     0090                     	;# 
    99     0091                     	;# 
   100     0092                     	;# 
   101     0093                     	;# 
   102     0093                     	;# 
   103     0093                     	;# 
   104     0094                     	;# 
   105     0095                     	;# 
   106     0096                     	;# 
   107     0097                     	;# 
   108     0098                     	;# 
   109     0099                     	;# 
   110     009A                     	;# 
   111     009B                     	;# 
   112     009C                     	;# 
   113     009D                     	;# 
   114     009E                     	;# 
   115     009F                     	;# 
   116     0105                     	;# 
   117     0107                     	;# 
   118     0108                     	;# 
   119     0109                     	;# 
   120     010C                     	;# 
   121     010C                     	;# 
   122     010D                     	;# 
   123     010E                     	;# 
   124     010F                     	;# 
   125     0185                     	;# 
   126     0187                     	;# 
   127     0188                     	;# 
   128     0189                     	;# 
   129     018C                     	;# 
   130     018D                     	;# 
   131     0000                     	;# 
   132     0001                     	;# 
   133     0002                     	;# 
   134     0003                     	;# 
   135     0004                     	;# 
   136     0005                     	;# 
   137     0006                     	;# 
   138     0007                     	;# 
   139     0008                     	;# 
   140     0009                     	;# 
   141     000A                     	;# 
   142     000B                     	;# 
   143     000C                     	;# 
   144     000D                     	;# 
   145     000E                     	;# 
   146     000E                     	;# 
   147     000F                     	;# 
   148     0010                     	;# 
   149     0011                     	;# 
   150     0012                     	;# 
   151     0013                     	;# 
   152     0014                     	;# 
   153     0015                     	;# 
   154     0015                     	;# 
   155     0016                     	;# 
   156     0017                     	;# 
   157     0018                     	;# 
   158     0019                     	;# 
   159     001A                     	;# 
   160     001B                     	;# 
   161     001B                     	;# 
   162     001C                     	;# 
   163     001D                     	;# 
   164     001E                     	;# 
   165     001F                     	;# 
   166     0081                     	;# 
   167     0085                     	;# 
   168     0086                     	;# 
   169     0087                     	;# 
   170     0088                     	;# 
   171     0089                     	;# 
   172     008C                     	;# 
   173     008D                     	;# 
   174     008E                     	;# 
   175     008F                     	;# 
   176     0090                     	;# 
   177     0091                     	;# 
   178     0092                     	;# 
   179     0093                     	;# 
   180     0093                     	;# 
   181     0093                     	;# 
   182     0094                     	;# 
   183     0095                     	;# 
   184     0096                     	;# 
   185     0097                     	;# 
   186     0098                     	;# 
   187     0099                     	;# 
   188     009A                     	;# 
   189     009B                     	;# 
   190     009C                     	;# 
   191     009D                     	;# 
   192     009E                     	;# 
   193     009F                     	;# 
   194     0105                     	;# 
   195     0107                     	;# 
   196     0108                     	;# 
   197     0109                     	;# 
   198     010C                     	;# 
   199     010C                     	;# 
   200     010D                     	;# 
   201     010E                     	;# 
   202     010F                     	;# 
   203     0185                     	;# 
   204     0187                     	;# 
   205     0188                     	;# 
   206     0189                     	;# 
   207     018C                     	;# 
   208     018D                     	;# 
   209     0000                     	;# 
   210     0001                     	;# 
   211     0002                     	;# 
   212     0003                     	;# 
   213     0004                     	;# 
   214     0005                     	;# 
   215     0006                     	;# 
   216     0007                     	;# 
   217     0008                     	;# 
   218     0009                     	;# 
   219     000A                     	;# 
   220     000B                     	;# 
   221     000C                     	;# 
   222     000D                     	;# 
   223     000E                     	;# 
   224     000E                     	;# 
   225     000F                     	;# 
   226     0010                     	;# 
   227     0011                     	;# 
   228     0012                     	;# 
   229     0013                     	;# 
   230     0014                     	;# 
   231     0015                     	;# 
   232     0015                     	;# 
   233     0016                     	;# 
   234     0017                     	;# 
   235     0018                     	;# 
   236     0019                     	;# 
   237     001A                     	;# 
   238     001B                     	;# 
   239     001B                     	;# 
   240     001C                     	;# 
   241     001D                     	;# 
   242     001E                     	;# 
   243     001F                     	;# 
   244     0081                     	;# 
   245     0085                     	;# 
   246     0086                     	;# 
   247     0087                     	;# 
   248     0088                     	;# 
   249     0089                     	;# 
   250     008C                     	;# 
   251     008D                     	;# 
   252     008E                     	;# 
   253     008F                     	;# 
   254     0090                     	;# 
   255     0091                     	;# 
   256     0092                     	;# 
   257     0093                     	;# 
   258     0093                     	;# 
   259     0093                     	;# 
   260     0094                     	;# 
   261     0095                     	;# 
   262     0096                     	;# 
   263     0097                     	;# 
   264     0098                     	;# 
   265     0099                     	;# 
   266     009A                     	;# 
   267     009B                     	;# 
   268     009C                     	;# 
   269     009D                     	;# 
   270     009E                     	;# 
   271     009F                     	;# 
   272     0105                     	;# 
   273     0107                     	;# 
   274     0108                     	;# 
   275     0109                     	;# 
   276     010C                     	;# 
   277     010C                     	;# 
   278     010D                     	;# 
   279     010E                     	;# 
   280     010F                     	;# 
   281     0185                     	;# 
   282     0187                     	;# 
   283     0188                     	;# 
   284     0189                     	;# 
   285     018C                     	;# 
   286     018D                     	;# 
   287     0000                     	;# 
   288     0001                     	;# 
   289     0002                     	;# 
   290     0003                     	;# 
   291     0004                     	;# 
   292     0005                     	;# 
   293     0006                     	;# 
   294     0007                     	;# 
   295     0008                     	;# 
   296     0009                     	;# 
   297     000A                     	;# 
   298     000B                     	;# 
   299     000C                     	;# 
   300     000D                     	;# 
   301     000E                     	;# 
   302     000E                     	;# 
   303     000F                     	;# 
   304     0010                     	;# 
   305     0011                     	;# 
   306     0012                     	;# 
   307     0013                     	;# 
   308     0014                     	;# 
   309     0015                     	;# 
   310     0015                     	;# 
   311     0016                     	;# 
   312     0017                     	;# 
   313     0018                     	;# 
   314     0019                     	;# 
   315     001A                     	;# 
   316     001B                     	;# 
   317     001B                     	;# 
   318     001C                     	;# 
   319     001D                     	;# 
   320     001E                     	;# 
   321     001F                     	;# 
   322     0081                     	;# 
   323     0085                     	;# 
   324     0086                     	;# 
   325     0087                     	;# 
   326     0088                     	;# 
   327     0089                     	;# 
   328     008C                     	;# 
   329     008D                     	;# 
   330     008E                     	;# 
   331     008F                     	;# 
   332     0090                     	;# 
   333     0091                     	;# 
   334     0092                     	;# 
   335     0093                     	;# 
   336     0093                     	;# 
   337     0093                     	;# 
   338     0094                     	;# 
   339     0095                     	;# 
   340     0096                     	;# 
   341     0097                     	;# 
   342     0098                     	;# 
   343     0099                     	;# 
   344     009A                     	;# 
   345     009B                     	;# 
   346     009C                     	;# 
   347     009D                     	;# 
   348     009E                     	;# 
   349     009F                     	;# 
   350     0105                     	;# 
   351     0107                     	;# 
   352     0108                     	;# 
   353     0109                     	;# 
   354     010C                     	;# 
   355     010C                     	;# 
   356     010D                     	;# 
   357     010E                     	;# 
   358     010F                     	;# 
   359     0185                     	;# 
   360     0187                     	;# 
   361     0188                     	;# 
   362     0189                     	;# 
   363     018C                     	;# 
   364     018D                     	;# 
   365     0000                     	;# 
   366     0001                     	;# 
   367     0002                     	;# 
   368     0003                     	;# 
   369     0004                     	;# 
   370     0005                     	;# 
   371     0006                     	;# 
   372     0007                     	;# 
   373     0008                     	;# 
   374     0009                     	;# 
   375     000A                     	;# 
   376     000B                     	;# 
   377     000C                     	;# 
   378     000D                     	;# 
   379     000E                     	;# 
   380     000E                     	;# 
   381     000F                     	;# 
   382     0010                     	;# 
   383     0011                     	;# 
   384     0012                     	;# 
   385     0013                     	;# 
   386     0014                     	;# 
   387     0015                     	;# 
   388     0015                     	;# 
   389     0016                     	;# 
   390     0017                     	;# 
   391     0018                     	;# 
   392     0019                     	;# 
   393     001A                     	;# 
   394     001B                     	;# 
   395     001B                     	;# 
   396     001C                     	;# 
   397     001D                     	;# 
   398     001E                     	;# 
   399     001F                     	;# 
   400     0081                     	;# 
   401     0085                     	;# 
   402     0086                     	;# 
   403     0087                     	;# 
   404     0088                     	;# 
   405     0089                     	;# 
   406     008C                     	;# 
   407     008D                     	;# 
   408     008E                     	;# 
   409     008F                     	;# 
   410     0090                     	;# 
   411     0091                     	;# 
   412     0092                     	;# 
   413     0093                     	;# 
   414     0093                     	;# 
   415     0093                     	;# 
   416     0094                     	;# 
   417     0095                     	;# 
   418     0096                     	;# 
   419     0097                     	;# 
   420     0098                     	;# 
   421     0099                     	;# 
   422     009A                     	;# 
   423     009B                     	;# 
   424     009C                     	;# 
   425     009D                     	;# 
   426     009E                     	;# 
   427     009F                     	;# 
   428     0105                     	;# 
   429     0107                     	;# 
   430     0108                     	;# 
   431     0109                     	;# 
   432     010C                     	;# 
   433     010C                     	;# 
   434     010D                     	;# 
   435     010E                     	;# 
   436     010F                     	;# 
   437     0185                     	;# 
   438     0187                     	;# 
   439     0188                     	;# 
   440     0189                     	;# 
   441     018C                     	;# 
   442     018D                     	;# 
   443     001E                     _ADRESH	set	30
   444     001F                     _ADCON0bits	set	31
   445     0005                     _PORTAbits	set	5
   446     0014                     _SSPCON	set	20
   447     0013                     _SSPBUF	set	19
   448     0014                     _SSPCONbits	set	20
   449     000C                     _PIR1bits	set	12
   450     0008                     _PORTDbits	set	8
   451     0001                     _TMR0	set	1
   452     000B                     _INTCONbits	set	11
   453     0066                     _ADIF	set	102
   454     0063                     _SSPIF	set	99
   455     005E                     _PEIE	set	94
   456     005F                     _GIE	set	95
   457     009F                     _ADCON1bits	set	159
   458     0085                     _TRISAbits	set	133
   459     008F                     _OSCCONbits	set	143
   460     0091                     _SSPCON2bits	set	145
   461     0087                     _TRISCbits	set	135
   462     0094                     _SSPSTAT	set	148
   463     0093                     _SSPADD	set	147
   464     0091                     _SSPCON2	set	145
   465     0081                     _OPTION_REGbits	set	129
   466     0088                     _TRISDbits	set	136
   467     0094                     _SSPSTATbits	set	148
   468     0463                     _SSPIE	set	1123
   469     043C                     _TRISC4	set	1084
   470     043B                     _TRISC3	set	1083
   471     0188                     _ANSELbits	set	392
   472     0189                     _ANSELH	set	393
   473     0188                     _ANSEL	set	392
   474                           
   475                           	psect	cinit
   476     000F                     start_initialization:	
   477                           ; #config settings
   478                           
   479     000F                     __initialization:
   480                           
   481                           ; Clear objects allocated to COMMON
   482     000F  01F5               	clrf	__pbssCOMMON& (0+127)
   483     0010  01F6               	clrf	(__pbssCOMMON+1)& (0+127)
   484     0011  01F7               	clrf	(__pbssCOMMON+2)& (0+127)
   485     0012                     end_of_initialization:	
   486                           ;End of C runtime variable initialization code
   487                           
   488     0012                     __end_of__initialization:
   489     0012  0183               	clrf	3
   490     0013  120A  118A  2913   	ljmp	_main	;jump to C main() function
   491                           
   492                           	psect	bssCOMMON
   493     0075                     __pbssCOMMON:
   494     0075                     _z:
   495     0075                     	ds	1
   496     0076                     _SERVO:
   497     0076                     	ds	1
   498     0077                     _dato:
   499     0077                     	ds	1
   500                           
   501                           	psect	cstackCOMMON
   502     0070                     __pcstackCOMMON:
   503     0070                     ?_setupINTOSC:
   504     0070                     ?_portsetup:	
   505                           ; 1 bytes @ 0x0
   506                           
   507     0070                     ?_setupTMR0:	
   508                           ; 1 bytes @ 0x0
   509                           
   510     0070                     ?_I2C_Slave_Init:	
   511                           ; 1 bytes @ 0x0
   512                           
   513     0070                     ?_isr:	
   514                           ; 1 bytes @ 0x0
   515                           
   516     0070                     ??_isr:	
   517                           ; 1 bytes @ 0x0
   518                           
   519     0070                     ?_main:	
   520                           ; 1 bytes @ 0x0
   521                           
   522                           
   523                           ; 1 bytes @ 0x0
   524     0070                     	ds	4
   525     0074                     ??_setupINTOSC:
   526     0074                     ??_setupTMR0:	
   527                           ; 1 bytes @ 0x4
   528                           
   529     0074                     ??_I2C_Slave_Init:	
   530                           ; 1 bytes @ 0x4
   531                           
   532     0074                     I2C_Slave_Init@address:	
   533                           ; 1 bytes @ 0x4
   534                           
   535     0074                     setupINTOSC@IRCF:	
   536                           ; 1 bytes @ 0x4
   537                           
   538                           
   539                           ; 1 bytes @ 0x4
   540     0074                     	ds	1
   541     0075                     ??_portsetup:
   542     0075                     ??_main:	
   543                           ; 1 bytes @ 0x5
   544                           
   545                           
   546                           	psect	maintext
   547     0113                     __pmaintext:	
   548                           ; 1 bytes @ 0x5
   549 ;;
   550 ;;Main: autosize = 0, tempsize = 0, incstack = 0, save=0
   551 ;;
   552 ;; *************** function _main *****************
   553 ;; Defined at:
   554 ;;		line 119 in file "main.c"
   555 ;; Parameters:    Size  Location     Type
   556 ;;		None
   557 ;; Auto vars:     Size  Location     Type
   558 ;;		None
   559 ;; Return value:  Size  Location     Type
   560 ;;                  1    wreg      void 
   561 ;; Registers used:
   562 ;;		wreg, status,2, status,0, pclath, cstack
   563 ;; Tracked objects:
   564 ;;		On entry : B00/0
   565 ;;		On exit  : 0/0
   566 ;;		Unchanged: 0/0
   567 ;; Data sizes:     COMMON   BANK0   BANK1   BANK3   BANK2
   568 ;;      Params:         0       0       0       0       0
   569 ;;      Locals:         0       0       0       0       0
   570 ;;      Temps:          0       0       0       0       0
   571 ;;      Totals:         0       0       0       0       0
   572 ;;Total ram usage:        0 bytes
   573 ;; Hardware stack levels required when called: 3
   574 ;; This function calls:
   575 ;;		_portsetup
   576 ;;		_setupINTOSC
   577 ;;		_setupTMR0
   578 ;; This function is called by:
   579 ;;		Startup code after reset
   580 ;; This function uses a non-reentrant model
   581 ;;
   582                           
   583     0113                     _main:	
   584                           ;psect for function _main
   585                           
   586     0113                     l872:	
   587                           ;incstack = 0
   588                           ; Regs used in _main: [wreg+status,2+status,0+pclath+cstack]
   589                           
   590                           
   591                           ;main.c: 120:     setupINTOSC(7);
   592     0113  3007               	movlw	7
   593     0114  120A  118A  209A  120A  118A  	fcall	_setupINTOSC
   594                           
   595                           ;main.c: 121:     portsetup();
   596     0119  120A  118A  2128  120A  118A  	fcall	_portsetup
   597                           
   598                           ;main.c: 122:     setupTMR0();
   599     011E  120A  118A  2139  120A  118A  	fcall	_setupTMR0
   600     0123                     l874:
   601                           
   602                           ;main.c: 123:     dato = 0;
   603     0123  01F7               	clrf	_dato
   604     0124                     l64:	
   605                           ;main.c: 128:     while(1){}
   606                           
   607     0124                     l65:
   608     0124  2924               	goto	l64
   609     0125  120A  118A  280C   	ljmp	start
   610     0128                     __end_of_main:
   611                           
   612                           	psect	text1
   613     0139                     __ptext1:	
   614 ;; *************** function _setupTMR0 *****************
   615 ;; Defined at:
   616 ;;		line 142 in file "main.c"
   617 ;; Parameters:    Size  Location     Type
   618 ;;		None
   619 ;; Auto vars:     Size  Location     Type
   620 ;;		None
   621 ;; Return value:  Size  Location     Type
   622 ;;                  1    wreg      void 
   623 ;; Registers used:
   624 ;;		wreg, status,2, status,0
   625 ;; Tracked objects:
   626 ;;		On entry : 0/0
   627 ;;		On exit  : 0/0
   628 ;;		Unchanged: 0/0
   629 ;; Data sizes:     COMMON   BANK0   BANK1   BANK3   BANK2
   630 ;;      Params:         0       0       0       0       0
   631 ;;      Locals:         0       0       0       0       0
   632 ;;      Temps:          0       0       0       0       0
   633 ;;      Totals:         0       0       0       0       0
   634 ;;Total ram usage:        0 bytes
   635 ;; Hardware stack levels used: 1
   636 ;; Hardware stack levels required when called: 1
   637 ;; This function calls:
   638 ;;		Nothing
   639 ;; This function is called by:
   640 ;;		_main
   641 ;; This function uses a non-reentrant model
   642 ;;
   643                           
   644     0139                     _setupTMR0:	
   645                           ;psect for function _setupTMR0
   646                           
   647     0139                     l812:	
   648                           ;incstack = 0
   649                           ; Regs used in _setupTMR0: [wreg+status,2+status,0]
   650                           
   651                           
   652                           ;main.c: 143:     INTCONbits.GIE = 1;
   653     0139  178B               	bsf	11,7	;volatile
   654                           
   655                           ;main.c: 144:     INTCONbits.T0IE = 1;
   656     013A  168B               	bsf	11,5	;volatile
   657                           
   658                           ;main.c: 145:     INTCONbits.T0IF = 0;
   659     013B  110B               	bcf	11,2	;volatile
   660                           
   661                           ;main.c: 147:     OPTION_REGbits.T0CS = 0;
   662     013C  1683               	bsf	3,5	;RP0=1, select bank1
   663     013D  1303               	bcf	3,6	;RP1=0, select bank1
   664     013E  1281               	bcf	1,5	;volatile
   665                           
   666                           ;main.c: 148:     OPTION_REGbits.T0SE = 0;
   667     013F  1201               	bcf	1,4	;volatile
   668                           
   669                           ;main.c: 149:     OPTION_REGbits.PSA = 0;
   670     0140  1181               	bcf	1,3	;volatile
   671     0141                     l814:
   672                           
   673                           ;main.c: 150:     OPTION_REGbits.PS = 0b111;
   674     0141  3007               	movlw	7
   675     0142  0481               	iorwf	1,f	;volatile
   676     0143                     l816:
   677                           
   678                           ;main.c: 151:     TMR0 = 100;
   679     0143  3064               	movlw	100
   680     0144  1283               	bcf	3,5	;RP0=0, select bank0
   681     0145  1303               	bcf	3,6	;RP1=0, select bank0
   682     0146  0081               	movwf	1	;volatile
   683     0147                     l73:
   684     0147  0008               	return
   685     0148                     __end_of_setupTMR0:
   686                           
   687                           	psect	text2
   688     009A                     __ptext2:	
   689 ;; *************** function _setupINTOSC *****************
   690 ;; Defined at:
   691 ;;		line 10 in file "oscilador.c"
   692 ;; Parameters:    Size  Location     Type
   693 ;;  IRCF            1    wreg     unsigned char 
   694 ;; Auto vars:     Size  Location     Type
   695 ;;  IRCF            1    4[COMMON] unsigned char 
   696 ;; Return value:  Size  Location     Type
   697 ;;                  1    wreg      void 
   698 ;; Registers used:
   699 ;;		wreg, status,2, status,0
   700 ;; Tracked objects:
   701 ;;		On entry : 0/0
   702 ;;		On exit  : 0/0
   703 ;;		Unchanged: 0/0
   704 ;; Data sizes:     COMMON   BANK0   BANK1   BANK3   BANK2
   705 ;;      Params:         0       0       0       0       0
   706 ;;      Locals:         1       0       0       0       0
   707 ;;      Temps:          0       0       0       0       0
   708 ;;      Totals:         1       0       0       0       0
   709 ;;Total ram usage:        1 bytes
   710 ;; Hardware stack levels used: 1
   711 ;; Hardware stack levels required when called: 1
   712 ;; This function calls:
   713 ;;		Nothing
   714 ;; This function is called by:
   715 ;;		_main
   716 ;; This function uses a non-reentrant model
   717 ;;
   718                           
   719     009A                     _setupINTOSC:	
   720                           ;psect for function _setupINTOSC
   721                           
   722                           
   723                           ;incstack = 0
   724                           ; Regs used in _setupINTOSC: [wreg+status,2+status,0]
   725                           ;setupINTOSC@IRCF stored from wreg
   726     009A  00F4               	movwf	setupINTOSC@IRCF
   727     009B                     l784:
   728                           
   729                           ;oscilador.c: 11:     if (IRCF == 7){
   730     009B  3007               	movlw	7
   731     009C  0674               	xorwf	setupINTOSC@IRCF,w
   732     009D  1D03               	btfss	3,2
   733     009E  28A0               	goto	u11
   734     009F  28A1               	goto	u10
   735     00A0                     u11:
   736     00A0  28A5               	goto	l133
   737     00A1                     u10:
   738     00A1                     l786:
   739                           
   740                           ;oscilador.c: 12:         OSCCONbits.IRCF = 0b111;
   741     00A1  3070               	movlw	112
   742     00A2  1683               	bsf	3,5	;RP0=1, select bank1
   743     00A3  1303               	bcf	3,6	;RP1=0, select bank1
   744     00A4  048F               	iorwf	15,f	;volatile
   745     00A5                     l133:	
   746                           ;oscilador.c: 13:     }
   747                           
   748                           
   749                           ;oscilador.c: 14:     if (IRCF == 6){
   750     00A5  3006               	movlw	6
   751     00A6  0674               	xorwf	setupINTOSC@IRCF,w
   752     00A7  1D03               	btfss	3,2
   753     00A8  28AA               	goto	u21
   754     00A9  28AB               	goto	u20
   755     00AA                     u21:
   756     00AA  28B1               	goto	l134
   757     00AB                     u20:
   758     00AB                     l788:
   759                           
   760                           ;oscilador.c: 15:         OSCCONbits.IRCF = 0b110;
   761     00AB  1683               	bsf	3,5	;RP0=1, select bank1
   762     00AC  1303               	bcf	3,6	;RP1=0, select bank1
   763     00AD  080F               	movf	15,w	;volatile
   764     00AE  398F               	andlw	-113
   765     00AF  3860               	iorlw	96
   766     00B0  008F               	movwf	15	;volatile
   767     00B1                     l134:	
   768                           ;oscilador.c: 16:     }
   769                           
   770                           
   771                           ;oscilador.c: 17:     if (IRCF == 5){
   772     00B1  3005               	movlw	5
   773     00B2  0674               	xorwf	setupINTOSC@IRCF,w
   774     00B3  1D03               	btfss	3,2
   775     00B4  28B6               	goto	u31
   776     00B5  28B7               	goto	u30
   777     00B6                     u31:
   778     00B6  28BD               	goto	l135
   779     00B7                     u30:
   780     00B7                     l790:
   781                           
   782                           ;oscilador.c: 18:         OSCCONbits.IRCF = 0b101;
   783     00B7  1683               	bsf	3,5	;RP0=1, select bank1
   784     00B8  1303               	bcf	3,6	;RP1=0, select bank1
   785     00B9  080F               	movf	15,w	;volatile
   786     00BA  398F               	andlw	-113
   787     00BB  3850               	iorlw	80
   788     00BC  008F               	movwf	15	;volatile
   789     00BD                     l135:	
   790                           ;oscilador.c: 19:     }
   791                           
   792                           
   793                           ;oscilador.c: 20:     if (IRCF == 4){
   794     00BD  3004               	movlw	4
   795     00BE  0674               	xorwf	setupINTOSC@IRCF,w
   796     00BF  1D03               	btfss	3,2
   797     00C0  28C2               	goto	u41
   798     00C1  28C3               	goto	u40
   799     00C2                     u41:
   800     00C2  28C9               	goto	l136
   801     00C3                     u40:
   802     00C3                     l792:
   803                           
   804                           ;oscilador.c: 21:         OSCCONbits.IRCF = 0b100;
   805     00C3  1683               	bsf	3,5	;RP0=1, select bank1
   806     00C4  1303               	bcf	3,6	;RP1=0, select bank1
   807     00C5  080F               	movf	15,w	;volatile
   808     00C6  398F               	andlw	-113
   809     00C7  3840               	iorlw	64
   810     00C8  008F               	movwf	15	;volatile
   811     00C9                     l136:	
   812                           ;oscilador.c: 22:     }
   813                           
   814                           
   815                           ;oscilador.c: 23:     if (IRCF == 3){
   816     00C9  3003               	movlw	3
   817     00CA  0674               	xorwf	setupINTOSC@IRCF,w
   818     00CB  1D03               	btfss	3,2
   819     00CC  28CE               	goto	u51
   820     00CD  28CF               	goto	u50
   821     00CE                     u51:
   822     00CE  28D5               	goto	l137
   823     00CF                     u50:
   824     00CF                     l794:
   825                           
   826                           ;oscilador.c: 24:         OSCCONbits.IRCF = 0b011;
   827     00CF  1683               	bsf	3,5	;RP0=1, select bank1
   828     00D0  1303               	bcf	3,6	;RP1=0, select bank1
   829     00D1  080F               	movf	15,w	;volatile
   830     00D2  398F               	andlw	-113
   831     00D3  3830               	iorlw	48
   832     00D4  008F               	movwf	15	;volatile
   833     00D5                     l137:	
   834                           ;oscilador.c: 25:     }
   835                           
   836                           
   837                           ;oscilador.c: 26:     if (IRCF == 2){
   838     00D5  3002               	movlw	2
   839     00D6  0674               	xorwf	setupINTOSC@IRCF,w
   840     00D7  1D03               	btfss	3,2
   841     00D8  28DA               	goto	u61
   842     00D9  28DB               	goto	u60
   843     00DA                     u61:
   844     00DA  28E1               	goto	l138
   845     00DB                     u60:
   846     00DB                     l796:
   847                           
   848                           ;oscilador.c: 27:         OSCCONbits.IRCF = 0b010;
   849     00DB  1683               	bsf	3,5	;RP0=1, select bank1
   850     00DC  1303               	bcf	3,6	;RP1=0, select bank1
   851     00DD  080F               	movf	15,w	;volatile
   852     00DE  398F               	andlw	-113
   853     00DF  3820               	iorlw	32
   854     00E0  008F               	movwf	15	;volatile
   855     00E1                     l138:	
   856                           ;oscilador.c: 28:     }
   857                           
   858                           
   859                           ;oscilador.c: 29:     if (IRCF == 1){
   860     00E1  0374               	decf	setupINTOSC@IRCF,w
   861     00E2  1D03               	btfss	3,2
   862     00E3  28E5               	goto	u71
   863     00E4  28E6               	goto	u70
   864     00E5                     u71:
   865     00E5  28EC               	goto	l139
   866     00E6                     u70:
   867     00E6                     l798:
   868                           
   869                           ;oscilador.c: 30:         OSCCONbits.IRCF = 0b001;
   870     00E6  1683               	bsf	3,5	;RP0=1, select bank1
   871     00E7  1303               	bcf	3,6	;RP1=0, select bank1
   872     00E8  080F               	movf	15,w	;volatile
   873     00E9  398F               	andlw	-113
   874     00EA  3810               	iorlw	16
   875     00EB  008F               	movwf	15	;volatile
   876     00EC                     l139:	
   877                           ;oscilador.c: 31:     }
   878                           
   879                           
   880                           ;oscilador.c: 32:     if (IRCF == 0){
   881     00EC  0874               	movf	setupINTOSC@IRCF,w
   882     00ED  1D03               	btfss	3,2
   883     00EE  28F0               	goto	u81
   884     00EF  28F1               	goto	u80
   885     00F0                     u81:
   886     00F0  28F5               	goto	l802
   887     00F1                     u80:
   888     00F1                     l800:
   889                           
   890                           ;oscilador.c: 33:         OSCCONbits.IRCF = 0b000;
   891     00F1  308F               	movlw	-113
   892     00F2  1683               	bsf	3,5	;RP0=1, select bank1
   893     00F3  1303               	bcf	3,6	;RP1=0, select bank1
   894     00F4  058F               	andwf	15,f	;volatile
   895     00F5                     l802:
   896                           
   897                           ;oscilador.c: 36:     OSCCONbits.SCS = 1;
   898     00F5  1683               	bsf	3,5	;RP0=1, select bank1
   899     00F6  1303               	bcf	3,6	;RP1=0, select bank1
   900     00F7  140F               	bsf	15,0	;volatile
   901     00F8                     l141:
   902     00F8  0008               	return
   903     00F9                     __end_of_setupINTOSC:
   904                           
   905                           	psect	text3
   906     0128                     __ptext3:	
   907 ;; *************** function _portsetup *****************
   908 ;; Defined at:
   909 ;;		line 134 in file "main.c"
   910 ;; Parameters:    Size  Location     Type
   911 ;;		None
   912 ;; Auto vars:     Size  Location     Type
   913 ;;		None
   914 ;; Return value:  Size  Location     Type
   915 ;;                  1    wreg      void 
   916 ;; Registers used:
   917 ;;		wreg, status,2, status,0, pclath, cstack
   918 ;; Tracked objects:
   919 ;;		On entry : 0/0
   920 ;;		On exit  : 0/0
   921 ;;		Unchanged: 0/0
   922 ;; Data sizes:     COMMON   BANK0   BANK1   BANK3   BANK2
   923 ;;      Params:         0       0       0       0       0
   924 ;;      Locals:         0       0       0       0       0
   925 ;;      Temps:          0       0       0       0       0
   926 ;;      Totals:         0       0       0       0       0
   927 ;;Total ram usage:        0 bytes
   928 ;; Hardware stack levels used: 1
   929 ;; Hardware stack levels required when called: 2
   930 ;; This function calls:
   931 ;;		_I2C_Slave_Init
   932 ;; This function is called by:
   933 ;;		_main
   934 ;; This function uses a non-reentrant model
   935 ;;
   936                           
   937     0128                     _portsetup:	
   938                           ;psect for function _portsetup
   939                           
   940     0128                     l804:	
   941                           ;incstack = 0
   942                           ; Regs used in _portsetup: [wreg+status,2+status,0+pclath+cstack]
   943                           
   944                           
   945                           ;main.c: 135:     ANSEL = 0;
   946     0128  1683               	bsf	3,5	;RP0=1, select bank3
   947     0129  1703               	bsf	3,6	;RP1=1, select bank3
   948     012A  0188               	clrf	8	;volatile
   949                           
   950                           ;main.c: 136:     ANSELH = 0;
   951     012B  0189               	clrf	9	;volatile
   952     012C                     l806:
   953                           
   954                           ;main.c: 137:     TRISDbits.TRISD1 = 0;
   955     012C  1683               	bsf	3,5	;RP0=1, select bank1
   956     012D  1303               	bcf	3,6	;RP1=0, select bank1
   957     012E  1088               	bcf	8,1	;volatile
   958     012F                     l808:
   959                           
   960                           ;main.c: 138:     PORTDbits.RD1 = 0;
   961     012F  1283               	bcf	3,5	;RP0=0, select bank0
   962     0130  1303               	bcf	3,6	;RP1=0, select bank0
   963     0131  1088               	bcf	8,1	;volatile
   964     0132                     l810:
   965                           
   966                           ;main.c: 139:     I2C_Slave_Init(0xb0);
   967     0132  30B0               	movlw	176
   968     0133  120A  118A  20F9  120A  118A  	fcall	_I2C_Slave_Init
   969     0138                     l70:
   970     0138  0008               	return
   971     0139                     __end_of_portsetup:
   972                           
   973                           	psect	text4
   974     00F9                     __ptext4:	
   975 ;; *************** function _I2C_Slave_Init *****************
   976 ;; Defined at:
   977 ;;		line 93 in file "I2C.c"
   978 ;; Parameters:    Size  Location     Type
   979 ;;  address         1    wreg     unsigned char 
   980 ;; Auto vars:     Size  Location     Type
   981 ;;  address         1    4[COMMON] unsigned char 
   982 ;; Return value:  Size  Location     Type
   983 ;;                  1    wreg      void 
   984 ;; Registers used:
   985 ;;		wreg
   986 ;; Tracked objects:
   987 ;;		On entry : 0/0
   988 ;;		On exit  : 0/0
   989 ;;		Unchanged: 0/0
   990 ;; Data sizes:     COMMON   BANK0   BANK1   BANK3   BANK2
   991 ;;      Params:         0       0       0       0       0
   992 ;;      Locals:         1       0       0       0       0
   993 ;;      Temps:          0       0       0       0       0
   994 ;;      Totals:         1       0       0       0       0
   995 ;;Total ram usage:        1 bytes
   996 ;; Hardware stack levels used: 1
   997 ;; Hardware stack levels required when called: 1
   998 ;; This function calls:
   999 ;;		Nothing
  1000 ;; This function is called by:
  1001 ;;		_portsetup
  1002 ;; This function uses a non-reentrant model
  1003 ;;
  1004                           
  1005     00F9                     _I2C_Slave_Init:	
  1006                           ;psect for function _I2C_Slave_Init
  1007                           
  1008                           
  1009                           ;incstack = 0
  1010                           ; Regs used in _I2C_Slave_Init: [wreg]
  1011                           ;I2C_Slave_Init@address stored from wreg
  1012     00F9  00F4               	movwf	I2C_Slave_Init@address
  1013     00FA                     l770:
  1014                           
  1015                           ;I2C.c: 93: void I2C_Slave_Init(uint8_t address);I2C.c: 94: {;I2C.c: 95:     SSPADD = ad
      +                          dress;
  1016     00FA  0874               	movf	I2C_Slave_Init@address,w
  1017     00FB  1683               	bsf	3,5	;RP0=1, select bank1
  1018     00FC  1303               	bcf	3,6	;RP1=0, select bank1
  1019     00FD  0093               	movwf	19	;volatile
  1020                           
  1021                           ;I2C.c: 96:     SSPCON = 0x36;
  1022     00FE  3036               	movlw	54
  1023     00FF  1283               	bcf	3,5	;RP0=0, select bank0
  1024     0100  1303               	bcf	3,6	;RP1=0, select bank0
  1025     0101  0094               	movwf	20	;volatile
  1026                           
  1027                           ;I2C.c: 97:     SSPSTAT = 0x80;
  1028     0102  3080               	movlw	128
  1029     0103  1683               	bsf	3,5	;RP0=1, select bank1
  1030     0104  1303               	bcf	3,6	;RP1=0, select bank1
  1031     0105  0094               	movwf	20	;volatile
  1032                           
  1033                           ;I2C.c: 98:     SSPCON2 = 0x01;
  1034     0106  3001               	movlw	1
  1035     0107  0091               	movwf	17	;volatile
  1036     0108                     l772:
  1037                           
  1038                           ;I2C.c: 99:     TRISC3 = 1;
  1039     0108  1587               	bsf	7,3	;volatile
  1040     0109                     l774:
  1041                           
  1042                           ;I2C.c: 100:     TRISC4 = 1;
  1043     0109  1607               	bsf	7,4	;volatile
  1044     010A                     l776:
  1045                           
  1046                           ;I2C.c: 101:     GIE = 1;
  1047     010A  178B               	bsf	11,7	;volatile
  1048     010B                     l778:
  1049                           
  1050                           ;I2C.c: 102:     PEIE = 1;
  1051     010B  170B               	bsf	11,6	;volatile
  1052     010C                     l780:
  1053                           
  1054                           ;I2C.c: 103:     SSPIF = 0;
  1055     010C  1283               	bcf	3,5	;RP0=0, select bank0
  1056     010D  1303               	bcf	3,6	;RP1=0, select bank0
  1057     010E  118C               	bcf	12,3	;volatile
  1058     010F                     l782:
  1059                           
  1060                           ;I2C.c: 104:     SSPIE = 1;
  1061     010F  1683               	bsf	3,5	;RP0=1, select bank1
  1062     0110  1303               	bcf	3,6	;RP1=0, select bank1
  1063     0111  158C               	bsf	12,3	;volatile
  1064     0112                     l128:
  1065     0112  0008               	return
  1066     0113                     __end_of_I2C_Slave_Init:
  1067                           
  1068                           	psect	text5
  1069     0016                     __ptext5:	
  1070 ;; *************** function _isr *****************
  1071 ;; Defined at:
  1072 ;;		line 64 in file "main.c"
  1073 ;; Parameters:    Size  Location     Type
  1074 ;;		None
  1075 ;; Auto vars:     Size  Location     Type
  1076 ;;		None
  1077 ;; Return value:  Size  Location     Type
  1078 ;;                  1    wreg      void 
  1079 ;; Registers used:
  1080 ;;		wreg, status,2, status,0
  1081 ;; Tracked objects:
  1082 ;;		On entry : 0/0
  1083 ;;		On exit  : 0/0
  1084 ;;		Unchanged: 0/0
  1085 ;; Data sizes:     COMMON   BANK0   BANK1   BANK3   BANK2
  1086 ;;      Params:         0       0       0       0       0
  1087 ;;      Locals:         0       0       0       0       0
  1088 ;;      Temps:          4       0       0       0       0
  1089 ;;      Totals:         4       0       0       0       0
  1090 ;;Total ram usage:        4 bytes
  1091 ;; Hardware stack levels used: 1
  1092 ;; This function calls:
  1093 ;;		Nothing
  1094 ;; This function is called by:
  1095 ;;		Interrupt level 1
  1096 ;; This function uses a non-reentrant model
  1097 ;;
  1098                           
  1099     0016                     _isr:	
  1100                           ;psect for function _isr
  1101                           
  1102     0016                     i1l822:
  1103                           
  1104                           ;main.c: 66:     if(INTCONbits.T0IF){
  1105     0016  1D0B               	btfss	11,2	;volatile
  1106     0017  2819               	goto	u11_21
  1107     0018  281A               	goto	u11_20
  1108     0019                     u11_21:
  1109     0019  283E               	goto	i1l840
  1110     001A                     u11_20:
  1111     001A                     i1l824:
  1112                           
  1113                           ;main.c: 67:         INTCONbits.T0IF = 0;
  1114     001A  110B               	bcf	11,2	;volatile
  1115     001B                     i1l826:
  1116                           
  1117                           ;main.c: 68:         TMR0 = 100;
  1118     001B  3064               	movlw	100
  1119     001C  1283               	bcf	3,5	;RP0=0, select bank0
  1120     001D  1303               	bcf	3,6	;RP1=0, select bank0
  1121     001E  0081               	movwf	1	;volatile
  1122     001F                     i1l828:
  1123                           
  1124                           ;main.c: 70:         if(SERVO ==0){
  1125     001F  0876               	movf	_SERVO,w
  1126     0020  1D03               	btfss	3,2
  1127     0021  2823               	goto	u12_21
  1128     0022  2824               	goto	u12_20
  1129     0023                     u12_21:
  1130     0023  2831               	goto	i1l44
  1131     0024                     u12_20:
  1132     0024                     i1l830:
  1133                           
  1134                           ;main.c: 71:             PORTDbits.RD1 = 1;
  1135     0024  1488               	bsf	8,1	;volatile
  1136     0025                     i1l832:
  1137                           
  1138                           ;main.c: 72:             _delay((unsigned long)((900)*(8000000/4000000.0)));
  1139     0025  3003               	movlw	3
  1140     0026  00F1               	movwf	??_isr+1
  1141     0027  3055               	movlw	85
  1142     0028  00F0               	movwf	??_isr
  1143     0029                     u33_27:
  1144     0029  0BF0               	decfsz	??_isr,f
  1145     002A  2829               	goto	u33_27
  1146     002B  0BF1               	decfsz	??_isr+1,f
  1147     002C  2829               	goto	u33_27
  1148     002D                     i1l834:
  1149                           
  1150                           ;main.c: 73:             PORTDbits.RD1 = 0;
  1151     002D  1283               	bcf	3,5	;RP0=0, select bank0
  1152     002E  1303               	bcf	3,6	;RP1=0, select bank0
  1153     002F  1088               	bcf	8,1	;volatile
  1154                           
  1155                           ;main.c: 74:         }
  1156     0030  283E               	goto	i1l840
  1157     0031                     i1l44:	
  1158                           ;main.c: 75:         else{
  1159                           
  1160                           
  1161                           ;main.c: 76:             PORTDbits.RD1 = 1;
  1162     0031  1488               	bsf	8,1	;volatile
  1163     0032                     i1l836:
  1164                           
  1165                           ;main.c: 77:             _delay((unsigned long)((1800)*(8000000/4000000.0)));
  1166     0032  3005               	movlw	5
  1167     0033  00F1               	movwf	??_isr+1
  1168     0034  30AB               	movlw	171
  1169     0035  00F0               	movwf	??_isr
  1170     0036                     u34_27:
  1171     0036  0BF0               	decfsz	??_isr,f
  1172     0037  2836               	goto	u34_27
  1173     0038  0BF1               	decfsz	??_isr+1,f
  1174     0039  2836               	goto	u34_27
  1175     003A  283B               	nop2
  1176     003B                     i1l838:
  1177                           
  1178                           ;main.c: 78:             PORTDbits.RD1 = 0;
  1179     003B  1283               	bcf	3,5	;RP0=0, select bank0
  1180     003C  1303               	bcf	3,6	;RP1=0, select bank0
  1181     003D  1088               	bcf	8,1	;volatile
  1182     003E                     i1l840:
  1183                           
  1184                           ;main.c: 82:     if(PIR1bits.SSPIF == 1){
  1185     003E  1283               	bcf	3,5	;RP0=0, select bank0
  1186     003F  1303               	bcf	3,6	;RP1=0, select bank0
  1187     0040  1D8C               	btfss	12,3	;volatile
  1188     0041  2843               	goto	u13_21
  1189     0042  2844               	goto	u13_20
  1190     0043                     u13_21:
  1191     0043  2893               	goto	i1l59
  1192     0044                     u13_20:
  1193     0044                     i1l842:
  1194                           
  1195                           ;main.c: 84:         SSPCONbits.CKP = 0;
  1196     0044  1214               	bcf	20,4	;volatile
  1197                           
  1198                           ;main.c: 86:         if ((SSPCONbits.SSPOV) || (SSPCONbits.WCOL)){
  1199     0045  1B14               	btfsc	20,6	;volatile
  1200     0046  2848               	goto	u14_21
  1201     0047  2849               	goto	u14_20
  1202     0048                     u14_21:
  1203     0048  284D               	goto	i1l846
  1204     0049                     u14_20:
  1205     0049                     i1l844:
  1206     0049  1F94               	btfss	20,7	;volatile
  1207     004A  284C               	goto	u15_21
  1208     004B  284D               	goto	u15_20
  1209     004C                     u15_21:
  1210     004C  2852               	goto	i1l854
  1211     004D                     u15_20:
  1212     004D                     i1l846:
  1213                           
  1214                           ;main.c: 87:             z = SSPBUF;
  1215     004D  0813               	movf	19,w	;volatile
  1216     004E  00F5               	movwf	_z
  1217     004F                     i1l848:
  1218                           
  1219                           ;main.c: 88:             SSPCONbits.SSPOV = 0;
  1220     004F  1314               	bcf	20,6	;volatile
  1221     0050                     i1l850:
  1222                           
  1223                           ;main.c: 89:             SSPCONbits.WCOL = 0;
  1224     0050  1394               	bcf	20,7	;volatile
  1225     0051                     i1l852:
  1226                           
  1227                           ;main.c: 90:             SSPCONbits.CKP = 1;
  1228     0051  1614               	bsf	20,4	;volatile
  1229     0052                     i1l854:
  1230                           
  1231                           ;main.c: 93:         if(!SSPSTATbits.D_nA && !SSPSTATbits.R_nW) {
  1232     0052  1683               	bsf	3,5	;RP0=1, select bank1
  1233     0053  1303               	bcf	3,6	;RP1=0, select bank1
  1234     0054  1A94               	btfsc	20,5	;volatile
  1235     0055  2857               	goto	u16_21
  1236     0056  2858               	goto	u16_20
  1237     0057                     u16_21:
  1238     0057  2871               	goto	i1l50
  1239     0058                     u16_20:
  1240     0058                     i1l856:
  1241     0058  1914               	btfsc	20,2	;volatile
  1242     0059  285B               	goto	u17_21
  1243     005A  285C               	goto	u17_20
  1244     005B                     u17_21:
  1245     005B  2871               	goto	i1l50
  1246     005C                     u17_20:
  1247     005C                     i1l858:
  1248                           
  1249                           ;main.c: 94:             z = SSPBUF;
  1250     005C  1283               	bcf	3,5	;RP0=0, select bank0
  1251     005D  1303               	bcf	3,6	;RP1=0, select bank0
  1252     005E  0813               	movf	19,w	;volatile
  1253     005F  00F5               	movwf	_z
  1254     0060                     i1l860:
  1255                           
  1256                           ;main.c: 96:             SSPCONbits.CKP = 1;
  1257     0060  1614               	bsf	20,4	;volatile
  1258     0061                     i1l51:	
  1259                           ;main.c: 97:             while(!SSPSTATbits.BF);
  1260                           
  1261     0061  1683               	bsf	3,5	;RP0=1, select bank1
  1262     0062  1303               	bcf	3,6	;RP1=0, select bank1
  1263     0063  1C14               	btfss	20,0	;volatile
  1264     0064  2866               	goto	u18_21
  1265     0065  2867               	goto	u18_20
  1266     0066                     u18_21:
  1267     0066  2861               	goto	i1l51
  1268     0067                     u18_20:
  1269     0067                     i1l862:
  1270                           
  1271                           ;main.c: 98:             SERVO = SSPBUF;
  1272     0067  1283               	bcf	3,5	;RP0=0, select bank0
  1273     0068  1303               	bcf	3,6	;RP1=0, select bank0
  1274     0069  0813               	movf	19,w	;volatile
  1275     006A  00F6               	movwf	_SERVO
  1276                           
  1277                           ;main.c: 99:             _delay((unsigned long)((250)*(8000000/4000000.0)));
  1278     006B  30A6               	movlw	166
  1279     006C  00F0               	movwf	??_isr
  1280     006D                     u35_27:
  1281     006D  0BF0               	decfsz	??_isr,f
  1282     006E  286D               	goto	u35_27
  1283     006F  0000               	nop
  1284                           
  1285                           ;main.c: 101:         }else if(!SSPSTATbits.D_nA && SSPSTATbits.R_nW){
  1286     0070  2890               	goto	i1l54
  1287     0071                     i1l50:
  1288     0071  1A94               	btfsc	20,5	;volatile
  1289     0072  2874               	goto	u19_21
  1290     0073  2875               	goto	u19_20
  1291     0074                     u19_21:
  1292     0074  2890               	goto	i1l54
  1293     0075                     u19_20:
  1294     0075                     i1l864:
  1295     0075  1D14               	btfss	20,2	;volatile
  1296     0076  2878               	goto	u20_21
  1297     0077  2879               	goto	u20_20
  1298     0078                     u20_21:
  1299     0078  2890               	goto	i1l54
  1300     0079                     u20_20:
  1301     0079                     i1l866:
  1302                           
  1303                           ;main.c: 102:             z = SSPBUF;
  1304     0079  1283               	bcf	3,5	;RP0=0, select bank0
  1305     007A  1303               	bcf	3,6	;RP1=0, select bank0
  1306     007B  0813               	movf	19,w	;volatile
  1307     007C  00F5               	movwf	_z
  1308     007D                     i1l868:
  1309                           
  1310                           ;main.c: 103:             SSPSTATbits.BF = 0;
  1311     007D  1683               	bsf	3,5	;RP0=1, select bank1
  1312     007E  1303               	bcf	3,6	;RP1=0, select bank1
  1313     007F  1014               	bcf	20,0	;volatile
  1314                           
  1315                           ;main.c: 104:             SSPBUF = z;
  1316     0080  0875               	movf	_z,w
  1317     0081  1283               	bcf	3,5	;RP0=0, select bank0
  1318     0082  1303               	bcf	3,6	;RP1=0, select bank0
  1319     0083  0093               	movwf	19	;volatile
  1320     0084                     i1l870:
  1321                           
  1322                           ;main.c: 105:             SSPCONbits.CKP = 1;
  1323     0084  1614               	bsf	20,4	;volatile
  1324                           
  1325                           ;main.c: 106:             _delay((unsigned long)((250)*(8000000/4000000.0)));
  1326     0085  30A6               	movlw	166
  1327     0086  00F0               	movwf	??_isr
  1328     0087                     u36_27:
  1329     0087  0BF0               	decfsz	??_isr,f
  1330     0088  2887               	goto	u36_27
  1331     0089  0000               	nop
  1332     008A                     i1l56:	
  1333                           ;main.c: 107:             while(SSPSTATbits.BF);
  1334                           
  1335     008A  1683               	bsf	3,5	;RP0=1, select bank1
  1336     008B  1303               	bcf	3,6	;RP1=0, select bank1
  1337     008C  1814               	btfsc	20,0	;volatile
  1338     008D  288F               	goto	u21_21
  1339     008E  2890               	goto	u21_20
  1340     008F                     u21_21:
  1341     008F  288A               	goto	i1l56
  1342     0090                     u21_20:
  1343     0090                     i1l54:
  1344                           
  1345                           ;main.c: 111:         PIR1bits.SSPIF = 0;
  1346     0090  1283               	bcf	3,5	;RP0=0, select bank0
  1347     0091  1303               	bcf	3,6	;RP1=0, select bank0
  1348     0092  118C               	bcf	12,3	;volatile
  1349     0093                     i1l59:
  1350     0093  0873               	movf	??_isr+3,w
  1351     0094  008A               	movwf	10
  1352     0095  0E72               	swapf	??_isr+2,w
  1353     0096  0083               	movwf	3
  1354     0097  0EFE               	swapf	btemp,f
  1355     0098  0E7E               	swapf	btemp,w
  1356     0099  0009               	retfie
  1357     009A                     __end_of_isr:
  1358     007E                     btemp	set	126	;btemp
  1359     007E                     wtemp0	set	126
  1360                           
  1361                           	psect	intentry
  1362     0004                     __pintentry:	
  1363                           ;incstack = 0
  1364                           ; Regs used in _isr: [wreg+status,2+status,0]
  1365                           
  1366     0004                     interrupt_function:
  1367     007E                     saved_w	set	btemp
  1368     0004  00FE               	movwf	btemp
  1369     0005  0E03               	swapf	3,w
  1370     0006  00F2               	movwf	??_isr+2
  1371     0007  080A               	movf	10,w
  1372     0008  00F3               	movwf	??_isr+3
  1373     0009  120A  118A  2816   	ljmp	_isr
  1374                           
  1375                           	psect	idloc
  1376                           
  1377                           ;Config register IDLOC0 @ 0x2000
  1378                           ;	unspecified, using default values
  1379     2000                     	org	8192
  1380     2000  3FFF               	dw	16383
  1381                           
  1382                           ;Config register IDLOC1 @ 0x2001
  1383                           ;	unspecified, using default values
  1384     2001                     	org	8193
  1385     2001  3FFF               	dw	16383
  1386                           
  1387                           ;Config register IDLOC2 @ 0x2002
  1388                           ;	unspecified, using default values
  1389     2002                     	org	8194
  1390     2002  3FFF               	dw	16383
  1391                           
  1392                           ;Config register IDLOC3 @ 0x2003
  1393                           ;	unspecified, using default values
  1394     2003                     	org	8195
  1395     2003  3FFF               	dw	16383
  1396                           
  1397                           	psect	config
  1398                           
  1399                           ;Config register CONFIG1 @ 0x2007
  1400                           ;	Oscillator Selection bits
  1401                           ;	FOSC = INTRC_NOCLKOUT, INTOSCIO oscillator: I/O function on RA6/OSC2/CLKOUT pin, I/O f
      +                          unction on RA7/OSC1/CLKIN
  1402                           ;	Watchdog Timer Enable bit
  1403                           ;	WDTE = OFF, WDT disabled and can be enabled by SWDTEN bit of the WDTCON register
  1404                           ;	Power-up Timer Enable bit
  1405                           ;	PWRTE = OFF, PWRT disabled
  1406                           ;	RE3/MCLR pin function select bit
  1407                           ;	MCLRE = OFF, RE3/MCLR pin function is digital input, MCLR internally tied to VDD
  1408                           ;	Code Protection bit
  1409                           ;	CP = OFF, Program memory code protection is disabled
  1410                           ;	Data Code Protection bit
  1411                           ;	CPD = OFF, Data memory code protection is disabled
  1412                           ;	Brown Out Reset Selection bits
  1413                           ;	BOREN = OFF, BOR disabled
  1414                           ;	Internal External Switchover bit
  1415                           ;	IESO = OFF, Internal/External Switchover mode is disabled
  1416                           ;	Fail-Safe Clock Monitor Enabled bit
  1417                           ;	FCMEN = OFF, Fail-Safe Clock Monitor is disabled
  1418                           ;	Low Voltage Programming Enable bit
  1419                           ;	LVP = OFF, RB3 pin has digital I/O, HV on MCLR must be used for programming
  1420                           ;	In-Circuit Debugger Mode bit
  1421                           ;	DEBUG = 0x1, unprogramme  1422     2007                     	org	8199
  1423     2007  20D4               	dw	8404
  1424                           
  1425                           ;Config register CONFIG2 @ 0x2008
  1426                           ;	Brown-out Reset Selection bit
  1427                           ;	BOR4V = BOR40V, Brown-out Reset set to 4.0V
  1428                           ;	Flash Program Memory Self Write Enable bits
  1429                           ;	WRT = OFF, Write protection off
  1430     2008                     	org	8200
  1431     2008  3FFF               	dw	16383

Data Sizes:
    Strings     0
    Constant    0
    Data        0
    BSS         3
    Persistent  0
    Stack       0

Auto Spaces:
    Space          Size  Autos    Used
    COMMON           14      5       8
    BANK0            80      0       0
    BANK1            80      0       0
    BANK3            96      0       0
    BANK2            96      0       0

Pointer List with Targets:

    None.

Critical Paths under _main in COMMON

    _main->_setupINTOSC
    _portsetup->_I2C_Slave_Init

Critical Paths under _isr in COMMON

    None.

Critical Paths under _main in BANK0

    None.

Critical Paths under _isr in BANK0

    None.

Critical Paths under _main in BANK1

    None.

Critical Paths under _isr in BANK1

    None.

Critical Paths under _main in BANK3

    None.

Critical Paths under _isr in BANK3

    None.

Critical Paths under _main in BANK2

    None.

Critical Paths under _isr in BANK2

    None.

Call Graph Tables:

 ---------------------------------------------------------------------------------
 (Depth) Function   	        Calls       Base Space   Used Autos Params    Refs
 ---------------------------------------------------------------------------------
 (0) _main                                                 0     0      0     135
                          _portsetup
                        _setupINTOSC
                          _setupTMR0
 ---------------------------------------------------------------------------------
 (1) _setupTMR0                                            0     0      0       0
 ---------------------------------------------------------------------------------
 (1) _setupINTOSC                                          1     1      0     120
                                              4 COMMON     1     1      0
 ---------------------------------------------------------------------------------
 (1) _portsetup                                            0     0      0      15
                     _I2C_Slave_Init
 ---------------------------------------------------------------------------------
 (2) _I2C_Slave_Init                                       1     1      0      15
                                              4 COMMON     1     1      0
 ---------------------------------------------------------------------------------
 Estimated maximum stack depth 2
 ---------------------------------------------------------------------------------
 (Depth) Function   	        Calls       Base Space   Used Autos Params    Refs
 ---------------------------------------------------------------------------------
 (3) _isr                                                  4     4      0       0
                                              0 COMMON     4     4      0
 ---------------------------------------------------------------------------------
 Estimated maximum stack depth 3
 ---------------------------------------------------------------------------------

 Call Graph Graphs:

 _main (ROOT)
   _portsetup
     _I2C_Slave_Init
   _setupINTOSC
   _setupTMR0

 _isr (ROOT)

 Address spaces:
Name               Size   Autos  Total    Cost      Usage
BITCOMMON            E      0       0       0        0.0%
EEDATA             100      0       0       0        0.0%
NULL                 0      0       0       0        0.0%
CODE                 0      0       0       0        0.0%
COMMON               E      5       8       1       57.1%
BITSFR0              0      0       0       1        0.0%
SFR0                 0      0       0       1        0.0%
BITSFR1              0      0       0       2        0.0%
SFR1                 0      0       0       2        0.0%
STACK                0      0       0       2        0.0%
ABS                  0      0       8       3        0.0%
BITBANK0            50      0       0       4        0.0%
BITSFR3              0      0       0       4        0.0%
SFR3                 0      0       0       4        0.0%
BANK0               50      0       0       5        0.0%
BITSFR2              0      0       0       5        0.0%
SFR2                 0      0       0       5        0.0%
BITBANK1            50      0       0       6        0.0%
BANK1               50      0       0       7        0.0%
BITBANK3            60      0       0       8        0.0%
BANK3               60      0       0       9        0.0%
BITBANK2            60      0       0      10        0.0%
BANK2               60      0       0      11        0.0%
DATA                 0      0       8      12        0.0%


Microchip Technology PIC Macro Assembler V2.40 build 20220703182018 
Symbol Table                                                                                   Wed Mar 08 01:07:36 2023

                      _z 0075              _SSPSTATbits 0094                       l70 0138  
                     l64 0124                       l73 0147                       l65 0124  
                     u10 00A1                       u11 00A0                       u20 00AB  
                     u21 00AA                       u30 00B7                       u31 00B6  
                     u40 00C3                       u41 00C2                       u50 00CF  
                     u51 00CE                       u60 00DB                       u61 00DA  
                     u70 00E6                       u71 00E5                       u80 00F1  
                     u81 00F0                      l141 00F8                      l133 00A5  
                    l134 00B1                      l135 00BD                      l128 0112  
                    l136 00C9                      l137 00D5                      l138 00E1  
                    l139 00EC                      l800 00F1                      l810 0132  
                    l802 00F5                      l804 0128                      l812 0139  
                    l806 012C                      l814 0141                      l808 012F  
                    l816 0143                      l770 00FA                      l780 010C  
                    l772 0108                      l782 010F                      l774 0109  
                    l790 00B7                      l776 010A                      l792 00C3  
                    l784 009B                      l872 0113                      l778 010B  
                    l794 00CF                      l786 00A1                      l874 0123  
                    l796 00DB                      l788 00AB                      l798 00E6  
                    _GIE 005F                      _isr 0016                     _ADIF 0066  
                   ?_isr 0070                     _PEIE 005E                     i1l50 0071  
                   i1l51 0061                     i1l44 0031                     i1l54 0090  
                   i1l56 008A                     i1l59 0093                     _TMR0 0001  
                   _dato 0077                     _main 0113                     btemp 007E  
                   start 000C                    ??_isr 0070                    ?_main 0070  
                  _ANSEL 0188                    i1l830 0024                    i1l822 0016  
                  i1l832 0025                    i1l824 001A                    i1l840 003E  
                  i1l850 0050                    i1l842 0044                    i1l834 002D  
                  i1l826 001B                    i1l860 0060                    i1l852 0051  
                  i1l844 0049                    i1l836 0032                    i1l828 001F  
                  i1l870 0084                    i1l862 0067                    i1l854 0052  
                  i1l846 004D                    i1l838 003B                    i1l864 0075  
                  i1l856 0058                    i1l848 004F                    i1l866 0079  
                  i1l858 005C                    i1l868 007D                    u11_20 001A  
                  u11_21 0019                    u20_20 0079                    u12_20 0024  
                  u20_21 0078                    u12_21 0023                    u21_20 0090  
                  u13_20 0044                    u21_21 008F                    u13_21 0043  
                  u14_20 0049                    u14_21 0048                    u15_20 004D  
                  u15_21 004C                    u16_20 0058                    u16_21 0057  
                  u17_20 005C                    u17_21 005B                    _SERVO 0076  
                  u33_27 0029                    u18_20 0067                    u18_21 0066  
                  u34_27 0036                    u19_20 0075                    u19_21 0074  
                  u35_27 006D                    u36_27 0087                    _SSPIE 0463  
                  _SSPIF 0063                    pclath 000A                    status 0003  
                  wtemp0 007E          __initialization 000F             __end_of_main 0128  
                 ??_main 0075                   _ADRESH 001E                   _ANSELH 0189  
                 _SSPADD 0093                   _TRISC3 043B                   _TRISC4 043C  
                 _SSPBUF 0013                   _SSPCON 0014             ?_setupINTOSC 0070  
                 saved_w 007E  __end_of__initialization 0012           __pcstackCOMMON 0070  
         _OPTION_REGbits 0081    I2C_Slave_Init@address 0074               __pmaintext 0113  
             __pintentry 0004                  _SSPCON2 0091                  _SSPSTAT 0094  
              _ANSELbits 0188                  __ptext1 0139                  __ptext2 009A  
                __ptext3 0128                  __ptext4 00F9                  __ptext5 0016  
   end_of_initialization 0012        __end_of_setupTMR0 0148           _I2C_Slave_Init 00F9  
      __end_of_portsetup 0139                _PORTAbits 0005                _PORTDbits 0008  
              _TRISAbits 0085                _TRISCbits 0087                _TRISDbits 0088  
 __end_of_I2C_Slave_Init 0113      start_initialization 000F              __end_of_isr 009A  
        ?_I2C_Slave_Init 0070              __pbssCOMMON 0075                ___latbits 0002  
        setupINTOSC@IRCF 0074        interrupt_function 0004                 _PIR1bits 000C  
              _setupTMR0 0139               _ADCON0bits 001F               _ADCON1bits 009F  
          ??_setupINTOSC 0074                _portsetup 0128               ?_setupTMR0 0070  
             ?_portsetup 0070      __end_of_setupINTOSC 00F9         ??_I2C_Slave_Init 0074  
             _INTCONbits 000B                 intlevel1 0000               _OSCCONbits 008F  
            ??_setupTMR0 0074              ??_portsetup 0075              _setupINTOSC 009A  
            _SSPCON2bits 0091               _SSPCONbits 0014  
